May  8 02:40:40 v594 kernel[0]: AppleCamIn::systemWakeCall - messageType = 0xE0000340
May  8 02:40:40 v594 kernel[0]: AppleCamIn::wakeEventHandlerThread
May  8 02:40:40 v594 kernel[0]: RTC: PowerByCalendarDate setting ignored
May  8 02:40:40 v594 kernel[0]: Previous sleep cause: 5
May  8 02:40:40 v594 kernel[0]: AppleThunderboltNHIType2::prePCIWake - power up complete - took 1 us
May  8 02:40:40 v594 kernel[0]: AppleThunderboltGenericHAL::earlyWake - complete - took 1 milliseconds
May  8 02:40:40 v594.local discoveryd[3816]: Basic Bonjour stop listening on awdl0
May  8 02:40:40 v594.local Evernote[8856]: tcp_connection_destination_prepare_complete 177 connectx to 204.154.94.81:443@0 failed: Network is down
May  8 02:40:40 v594.local Evernote[8856]: tcp_connection_destination_prepare_complete 179 connectx to 204.154.94.81:443@0 failed: Network is down
May  8 02:40:40 v594 kernel[0]: IOThunderboltSwitch<0xffffff803e8f8e00>(0x0)::listenerCallback - Thunderbolt HPD packet for route = 0x0 port = 11 unplug = 0
May  8 02:40:40 v594 kernel[0]: IOThunderboltSwitch<0xffffff803e8f8e00>(0x0)::listenerCallback - Thunderbolt HPD packet for route = 0x0 port = 12 unplug = 0
May  8 02:40:40 v594.local Evernote[8856]: tcp_connection_destination_prepare_complete 180 connectx to 204.154.94.81:443@0 failed: Network is down
May  8 02:40:40 v594 kernel[0]: TBT W (2): 0x0040 [x]
May  8 02:40:40 v594.local Evernote[8856]: tcp_connection_destination_prepare_complete 181 connectx to 204.154.94.81:443@0 failed: Network is down
May  8 02:40:40 v594.local airportd[30]: Property list invalid for format: 100 (property lists cannot contain objects of type 'CFType')
May  8 02:40:40 v594 kernel[0]: en0: channel changed to 1
May  8 02:40:40 v594.local sharingd[323]: 02:40:40.200 : SDStatusMonitor::kStatusWirelessPowerChanged
May  8 02:40:40 v594 kernel[0]: AirPort: Link Up on awdl0
May  8 02:40:40 v594 kernel[0]: AppleUSBMultitouchDriver::checkStatus - received Status Packet, Payload 2: device was reinitialized
May  8 02:40:40 v594.local hidd[71]: MultitouchHID: device bootloaded
May  8 02:40:40 v594 kernel[0]: IO80211AWDLPeerManager::setAwdlOperatingMode Setting the AWDL operation mode from AUTO to SUSPENDED
May  8 02:40:40 v594 kernel[0]: IO80211AWDLPeerManager::setAwdlSuspendedMode() Suspending AWDL, enterQuietMode(true)
May  8 02:40:40 v594 kernel[0]: ARPT: 125397.730636: AirPort_Brcm43xx::powerChange: System Wake - Full Wake/ Dark Wake / Maintenance wake
May  8 02:40:40 v594 kernel[0]: AppleCamIn::systemWakeCall - messageType = 0xE0000340
May  8 02:40:40 v594 kernel[0]: AppleCamIn::wakeEventHandlerThread
May  8 02:40:40 v594.local networkd[251]: +[NETLedBelly stopFastFail] Clearing ledbelly failure cache
May  8 02:40:40 v594.local UserEventAgent[16]: Captive: CNPluginHandler en0: Inactive
May  8 02:40:40 v594.local configd[26]: network changed: v4(en0-:192.168.1.77) DNS- Proxy- SMB-
May  8 02:40:40 v594.local discoveryd[3816]: Basic Bonjour stop listening on en0
May  8 02:40:40 v594.local discoveryd[3816]: Basic WABServer NetResolverEvent no resolvers, resetting domains
May  8 02:40:40 v594.local discoveryd[3816]: AwdlD2d AwdlD2dStartAdvertisingPair: 'v594' Advertising service started
May  8 02:40:40 --- last message repeated 1 time ---
May  8 02:40:40 v594.local discoveryd[3816]: AwdlD2d AwdlD2dStartAdvertisingPair: '8e228fefff0bc98100000000000008efip6arpa' Advertising service started
May  8 02:40:40 v594.local airportd[30]: Property list invalid for format: 100 (property lists cannot contain objects of type 'CFType')
May  8 02:40:40 v594.local netbiosd[14513]: network_reachability_changed : network is not reachable, netbiosd is shutting down
May  8 02:40:40 v594 kernel[0]: en0: 802.11d country code set to 'FR'.
May  8 02:40:40 v594 kernel[0]: en0: Supported channels 1 2 3 4 5 6 7 8 9 10 11 12 13 36 40 44 48 52 56 60 64 100 104 108 112 116 120 124 128 132 136 140 149 153 157 161 165
May  8 02:40:40 v594 kernel[0]: en0: channel changed to 1
May  8 02:40:40 v594.local sharingd[323]: 02:40:40.597 : SDStatusMonitor::kStatusWirelessPowerChanged
May  8 02:40:40 v594 kernel[0]: en0: channel changed to 1
May  8 02:40:40 v594.local sharingd[323]: 02:40:40.615 : SDStatusMonitor::kStatusWirelessPowerChanged
May  8 02:40:41 v594.local dns-updater[22]: CONFIGURATION_CHANGED notification received
May  8 02:40:41 v594.local dns-updater[22]: Configuration switched to opendns
May  8 02:40:43 v594.local dns-updater[22]: CONFIGURATION_CHANGED notification received
May  8 02:40:43 v594.local dns-updater[22]: Configuration switched to opendns
May  8 02:40:44 v594 kernel[0]: ARPT: 125401.313379: MacAuthEvent en0   Auth result for: 64:7c:34:1b:61:1c  MAC AUTH succeeded
May  8 02:40:44 v594 kernel[0]: AirPort: Link Up on en0
May  8 02:40:44 v594 kernel[0]: en0: BSSID changed to 64:7c:34:1b:61:1c
May  8 02:40:44 v594 kernel[0]: en0: channel changed to 11
May  8 02:40:44 v594 kernel[0]: en0::IO80211Interface::postMessage bssid changed
May  8 02:40:45 v594 kernel[0]: AppleCamIn::handleWakeEvent_gated
May  8 02:40:45 --- last message repeated 1 time ---
May  8 02:40:45 v594.local digest-service[15087]: label: default
May  8 02:40:45 v594.local digest-service[15087]: 	dbname: od:/Local/Default
May  8 02:40:45 v594.local digest-service[15087]: 	mkey_file: /var/db/krb5kdc/m-key
May  8 02:40:45 v594.local digest-service[15087]: 	acl_file: /var/db/krb5kdc/kadmind.acl
May  8 02:40:45 v594.local discoveryd[3816]: None ClientIPC DNSServiceRemoveRecord: registrationId is 0 Client[netbiosd(14513)]
May  8 02:40:45 --- last message repeated 2 times ---
May  8 02:40:45 v594.local digest-service[15087]: digest-request: uid=0
May  8 02:40:45 v594.local discoveryd[3816]: None ClientIPC DNSServiceRemoveRecord: registrationId is 0 Client[netbiosd(14513)]
May  8 02:40:45 --- last message repeated 1 time ---
May  8 02:40:45 v594 kernel[0]: Sandbox: rpcsvchost(15088) deny file-read-data /private/var/root/Library/Preferences/ByHost/.GlobalPreferences.4EA9F980-B75D-5B9B-9360-CEB0DAACE334.plist
May  8 02:40:45 v594 kernel[0]: Sandbox: rpcsvchost(15088) deny file-read-data /private/var/root/Library/Preferences/.GlobalPreferences.plist
May  8 02:40:45 v594.local digest-service[15087]: digest-request: netr probe 1
May  8 02:40:45 v594.local digest-service[15087]: digest-request: init request
May  8 02:40:46 v594 kernel[0]: AirPort: RSN handshake complete on en0
May  8 02:40:46 v594.local dns-updater[22]: CONFIGURATION_CHANGED notification received
May  8 02:40:46 v594.local dns-updater[22]: Configuration switched to opendns
May  8 02:40:48 v594 kernel[0]: IO80211AWDLPeerManager::setAwdlOperatingMode Setting the AWDL operation mode from SUSPENDED to AUTO
May  8 02:40:48 v594 kernel[0]: IO80211AWDLPeerManager::setAwdlAutoMode Resuming AWDL
May  8 02:40:48 v594.local networkd[251]: +[NETLedBelly stopFastFail] Clearing ledbelly failure cache
May  8 02:40:48 v594.local configd[26]: network changed: DNS* Proxy
May  8 02:40:48 v594.local UserEventAgent[16]: Captive: [CNInfoNetworkActive:1709] en0: SSID 'Bbox-91D7CCE6' making interface primary (cache indicates network not captive)
May  8 02:40:48 v594.local UserEventAgent[16]: Captive: CNPluginHandler en0: Evaluating
May  8 02:40:48 v594.local UserEventAgent[16]: Captive: en0: Not probing 'Bbox-91D7CCE6' (cache indicates not captive)
May  8 02:40:48 v594.local UserEventAgent[16]: Captive: CNPluginHandler en0: Authenticated
May  8 02:40:48 v594.local networkd[251]: +[NETLedBelly stopFastFail] Clearing ledbelly failure cache
May  8 02:40:48 v594.local configd[26]: network changed: v4(en0!:192.168.1.77) DNS+ Proxy+ SMB+
May  8 02:40:48 v594 kernel[0]: en0: BSSID changed to 64:7c:34:1b:61:1c
May  8 02:40:48 v594 kernel[0]: en0: channel changed to 11
May  8 02:40:48 v594.local sharingd[323]: 02:40:48.248 : SDStatusMonitor::kStatusWirelessPowerChanged
May  8 02:40:48 v594.local digest-service[15087]: digest-request: init return domain: VIADEO server: V594 indomain was: <NULL>
May  8 02:40:48 v594.local digest-service[15087]: digest-request: uid=0
May  8 02:40:48 v594.local digest-service[15087]: digest-request: init request
May  8 02:40:48 v594.local digest-service[15087]: digest-request: init return domain: VIADEO server: V594 indomain was: <NULL>
May  8 02:40:48 v594.local dns-updater[22]: Found BSD interface: [en0]
May  8 02:40:48 --- last message repeated 1 time ---
May  8 02:40:48 v594.local dns-updater[22]: CONFIGURATION_CHANGED notification received
May  8 02:40:48 v594.local dns-updater[22]: Configuration switched to opendns
May  8 02:40:48 v594.local configd[26]: network changed: v4(en0:192.168.1.77) DNS! Proxy SMB
May  8 02:40:51 --- last message repeated 1 time ---
May  8 02:40:51 v594.local dns-updater[22]: Found BSD interface: [en0]
May  8 02:40:51 --- last message repeated 1 time ---
May  8 02:40:51 v594.local dns-updater[22]: CONFIGURATION_CHANGED notification received
May  8 02:40:51 v594.local dns-updater[22]: Configuration switched to opendns
May  8 02:40:51 v594.local configd[26]: network changed: v4(en0:192.168.1.77) DNS! Proxy SMB
May  8 02:40:52 v594.local ntpd[248]: wake time set -1.886831 s
May  8 02:40:54 v594.local digest-service[15087]: digest-request: uid=0
May  8 02:40:54 v594.local digest-service[15087]: digest-request: init request
May  8 02:40:54 v594.local digest-service[15087]: digest-request: init return domain: VIADEO server: V594 indomain was: <NULL>
May  8 02:40:54 v594.local digest-service[15087]: digest-request: uid=0
May  8 02:40:54 v594.local digest-service[15087]: digest-request: init request
May  8 02:40:54 v594.local digest-service[15087]: digest-request: init return domain: VIADEO server: V594 indomain was: <NULL>
May  8 02:41:06 v594 kernel[0]: PM response took 28004 ms (27, powerd)
May  8 02:41:06 v594 kernel[0]: ARPT: 125425.801815: AirPort_Brcm43xx::powerChange: System Sleep 
May  8 02:41:06 v594 kernel[0]: AppleCamIn::systemWakeCall - messageType = 0xE0000340
May  8 02:41:07 v594 kernel[0]: hibernate image path: /var/vm/sleepimage
May  8 02:41:07 v594 kernel[0]: efi pagecount 63
May  8 02:41:07 v594 kernel[0]: hibernate_page_list_setall(preflight 1) start 0xffffff82644fe000, 0xffffff826753c000
May  8 02:41:07 v594 kernel[0]: hibernate_page_list_setall time: 532 ms
May  8 02:41:07 v594 kernel[0]: pages 3235816, wire 328856, act 1157604, inact 321, cleaned 0 spec 8, zf 367755, throt 0, compr 248694, xpmapped 40000
May  8 02:41:07 v594 kernel[0]: could discard act 271699 inact 635699 purgeable 140952 spec 83354 cleaned 874
May  8 02:41:07 v594 kernel[0]: WARNING: hibernate_page_list_setall skipped 55669 xpmapped pages
May  8 02:41:07 v594 kernel[0]: hibernate_page_list_setall preflight pageCount 328856 est comp 44 setfile 673185792 min 1073741824
May  8 02:41:07 v594 kernel[0]: AppleThunderboltNHIType2::prePCIWake - power up complete - took 1 us
May  8 02:41:07 v594 kernel[0]: AppleThunderboltGenericHAL::earlyWake - complete - took 0 milliseconds
May  8 02:41:07 v594 kernel[0]: [0x133c806000, 0x40000000]
May  8 02:41:07 v594 kernel[0]: [0x0, 0x0]
May  8 02:41:07 v594 kernel[0]: kern_open_file_for_direct_io(0) took 6 ms
May  8 02:41:07 v594 kernel[0]: Opened file /var/vm/sleepimage, size 1073741824, partition base 0x0, maxio 2000000 ssd 1
May  8 02:41:07 v594 kernel[0]: hibernate image major 1, minor 0, blocksize 4096, pollers 5
May  8 02:41:07 v594 kernel[0]: IOThunderboltSwitch<0xffffff803e8f8e00>(0x0)::listenerCallback - Thunderbolt HPD packet for route = 0x0 port = 11 unplug = 0
May  8 02:41:07 v594 kernel[0]: IOThunderboltSwitch<0xffffff803e8f8e00>(0x0)::listenerCallback - Thunderbolt HPD packet for route = 0x0 port = 12 unplug = 0
May  8 07:38:50 v594 kernel[0]: vm_compressor_record_warmup (47048 - 54440)
May  8 07:38:50 v594 kernel[0]: vm_compressor_flush - starting
May  8 07:38:50 v594 kernel[0]: vm_compressor_flush completed - took 17543 msecs
May  8 07:38:50 v594 kernel[0]: hibernate_flush_memory: buffer_cache_gc freed up 19003 wired pages
May  8 07:38:50 v594 kernel[0]: hibernate_alloc_pages act 414865, inact 637828, anon 136798, throt 0, spec 83360, wire 334634, wireinit 230640
May  8 07:38:50 v594 kernel[0]: hibernate_setup(0) took 21744 ms
May  8 07:38:50 v594 kernel[0]: IO80211AWDLPeerManager::doDisable   source [handleSIOCSIFFLAGS]
May  8 07:38:50 v594 kernel[0]: en0: BSSID changed to 64:7c:34:1b:61:1c
May  8 07:38:50 v594 kernel[0]: en0: channel changed to 11
May  8 07:38:50 v594 kernel[0]: AirPort: Link Down on awdl0. Reason 1 (Unspecified).
May  8 07:38:50 v594 kernel[0]: IO80211AWDLPeerManager::doDisable   source [setLinkState]
May  8 07:38:50 v594 kernel[0]: ARPT: 125448.581081: wl0: leaveModulePoweredForOffloads: Wi-Fi will turn off.
May  8 07:38:50 v594 kernel[0]: AirPort: Link Down on en0. Reason 8 (Disassociated because station leaving).
May  8 07:38:50 v594 kernel[0]: en0::IO80211Interface::postMessage bssid changed
May  8 07:38:50 v594 kernel[0]: en0: 802.11d country code set to 'X3'.
May  8 07:38:50 v594 kernel[0]: en0: Supported channels 1 2 3 4 5 6 7 8 9 10 11 12 13 36 40 44 48 52 56 60 64 100 104 108 112 116 120 124 128 132 136 140 149 153 157 161
May  8 07:38:50 v594 kernel[0]: AppleCamIn::systemWakeCall - messageType = 0xE0000340
May  8 02:41:29 v594 kernel[0]: AppleThunderboltNHIType2::waitForOk2Go2Sx - retries = 9
May  8 07:38:50 v594 kernel[0]: hibernate_page_list_setall(preflight 0) start 0xffffff82644fe000, 0xffffff826753c000
May  8 07:38:50 v594 kernel[0]: hibernate_teardown started
May  8 07:38:50 v594 kernel[0]: hibernate_teardown: wired_pages 334706, free_pages 3786004, active_pages 40303, inactive_pages 1, speculative_pages 4, cleaned_pages 0, compressor_pages 51
May  8 07:38:50 v594 kernel[0]: hibernate_teardown_pmap_structs done: last_valid_compact_indx 213955
May  8 07:38:50 v594 kernel[0]: hibernate_teardown: mark_as_unneeded_pages 4096, 57546, 35171
May  8 07:38:50 v594 kernel[0]: hibernate_teardown completed - discarded 96813
May  8 07:38:50 v594 kernel[0]: hibernate_page_list_setall time: 942 ms
May  8 07:38:50 v594 kernel[0]: pages 1351091, wire 214683, act 40303, inact 1, cleaned 0 spec 4, zf 0, throt 0, compr 51, xpmapped 40000
May  8 07:38:50 v594 kernel[0]: did discard act 234578 inact 636289 purgeable 140952 spec 83356 cleaned 874
May  8 07:38:50 v594 kernel[0]: WARNING: hibernate_page_list_setall skipped 33479 xpmapped pages
May  8 07:38:50 v594 kernel[0]: hibernate_page_list_setall found pageCount 255042
May  8 07:38:50 v594 kernel[0]: IOHibernatePollerOpen, ml_get_interrupts_enabled 0
May  8 07:38:50 v594 kernel[0]: IOHibernatePollerOpen(0)
May  8 07:38:50 v594 kernel[0]: encryptStart 14000
May  8 07:38:50 v594 kernel[0]: bitmap_size 0x7f508, previewSize 0xa612e8, writing 252043 pages @ 0xaf47f0
May  8 07:38:50 v594 kernel[0]: hibernate_rebuild started
May  8 07:38:50 v594 kernel[0]: hibernate_rebuild_pmap_structs done: last_valid_compact_indx 213955
May  8 07:38:50 v594 kernel[0]: hibernate_rebuild completed - took 70 msecs
May  8 07:38:50 v594 kernel[0]: booter start at 893 ms smc 0 ms, [14, 0, 0] total 543 ms, dsply 0, 0 ms, tramp 574 ms
May  8 07:38:50 v594 kernel[0]: hibernate_machine_init: state 2, image pages 214470, sum was 78dfd665, imageSize 0x1c3a4000, image1Size 0x13050000, conflictCount 846, nextFree 555
May  8 07:38:50 v594 kernel[0]: hibernate_newruntime_map time: 0 ms, IOHibernatePollerOpen(), ml_get_interrupts_enabled 0
May  8 07:38:50 v594 kernel[0]: IOHibernatePollerOpen(0) 5 ms
May  8 07:38:50 v594 kernel[0]: hibernate_machine_init reading
May  8 07:38:50 v594 kernel[0]: PMStats: Hibernate read took 222 ms
May  8 07:38:50 v594 kernel[0]: hibernate_machine_init pagesDone 254829 sum2 b6577af5, time: 222 ms, disk(0x20000) 678 Mb/s, comp bytes: 57585664 time: 37 ms 1467 Mb/s, crypt bytes: 154484736 time: 31 ms 4672 Mb/s
May  8 07:38:50 v594 kernel[0]: Wake reason: EC.LidOpen (User)
May  8 07:38:50 v594 kernel[0]: vm_compressor_fastwake_warmup (47048 - 54440) - starting
May  8 07:38:50 v594 kernel[0]: AppleCamIn::systemWakeCall - messageType = 0xE0000320
May  8 07:38:50 v594 kernel[0]: AppleCamIn::systemWakeCall - messageType = 0xE0000340
May  8 07:38:50 v594 kernel[0]: AppleCamIn::wakeEventHandlerThread
May  8 07:38:50 v594 kernel[0]: Previous sleep cause: -113
May  8 07:38:50 v594 kernel[0]: Previous shutdown cause: 5
May  8 07:38:50 v594 kernel[0]: AppleThunderboltNHIType2::prePCIWake - power up complete - took 1 us
May  8 07:38:50 v594 kernel[0]: AppleThunderboltGenericHAL::earlyWake - complete - took 1 milliseconds
May  8 07:38:50 v594 kernel[0]: IOThunderboltSwitch<0xffffff803e8f8e00>(0x0)::listenerCallback - Thunderbolt HPD packet for route = 0x0 port = 11 unplug = 0
May  8 07:38:50 v594 kernel[0]: IOThunderboltSwitch<0xffffff803e8f8e00>(0x0)::listenerCallback - Thunderbolt HPD packet for route = 0x0 port = 12 unplug = 0
May  8 07:38:50 v594 kernel[0]: TBT W (2): 0x0040 [x]
May  8 07:38:50 v594 kernel[0]: en0: channel changed to 1
May  8 07:38:50 v594 kernel[0]: AirPort: Link Up on awdl0
May  8 07:38:50 v594.local watchdogd[394]: [watchdog_daemon] @(         pm_callback) - ref=0x0 msg_type=0xe0000320 msg=0x0
May  8 07:38:50 v594.local configd[26]: [0x7fd9d89e5760] [m]DNS query timeout (query time = 17876.533861), [46TE]
May  8 07:38:50 v594.local sharingd[323]: 07:38:50.479 : SDStatusMonitor::kStatusWirelessPowerChanged
May  8 07:38:50 v594.local networkd[251]: +[NETLedBelly stopFastFail] Clearing ledbelly failure cache
May  8 07:38:50 v594.local UserEventAgent[16]: Captive: CNPluginHandler en0: Inactive
May  8 07:38:50 v594 kernel[0]: ARPT: 125450.141946: AirPort_Brcm43xx::powerChange: System Wake - Full Wake/ Dark Wake / Maintenance wake
May  8 07:38:50 v594 kernel[0]: AppleCamIn::systemWakeCall - messageType = 0xE0000340
May  8 07:38:50 v594 kernel[0]: AppleCamIn::wakeEventHandlerThread
May  8 07:38:50 v594.local configd[26]: network changed: v4(en0-:192.168.1.77) DNS- Proxy- SMB-
May  8 07:38:50 v594.local dns-updater[22]: CONFIGURATION_CHANGED notification received
May  8 07:38:50 v594.local dns-updater[22]: Configuration switched to opendns
May  8 07:38:50 v594.local sharingd[323]: 07:38:50.617 : SDStatusMonitor::kStatusWirelessPowerChanged
May  8 07:38:50 v594.local discoveryd[3816]: Basic WABServer NetResolverEvent no resolvers, resetting domains
May  8 07:38:50 v594.local WindowServer[107]: CGXDisplayDidWakeNotification [125450234402783]: posting kCGSDisplayDidWake
May  8 07:38:50 v594.local WindowServer[107]: handle_will_sleep_auth_and_shield_windows: Reordering authw 0x7fede1d6bb70(2000) (lock state: 3)
May  8 07:38:50 v594.local WindowServer[107]: handle_will_sleep_auth_and_shield_windows: err 0x0
May  8 07:38:50 v594.local discoveryd[3816]: Basic Bonjour,Warn Warning: IPv6 listener multicast send failed en0, 49
May  8 07:38:50 --- last message repeated 2 times ---
May  8 07:38:50 v594.local discoveryd[3816]: Basic DNSResolver UDNSServer:: PowerState is Wakeup
May  8 07:38:50 v594 kernel[0]: en0: channel changed to 1
May  8 07:38:50 v594.local airportd[30]: Property list invalid for format: 100 (property lists cannot contain objects of type 'CFType')
May  8 07:38:50 v594.local sharingd[323]: 07:38:50.875 : SDStatusMonitor::kStatusWirelessPowerChanged
May  8 07:38:50 v594 kernel[0]: IO80211AWDLPeerManager::setAwdlOperatingMode Setting the AWDL operation mode from AUTO to SUSPENDED
May  8 07:38:50 v594 kernel[0]: IO80211AWDLPeerManager::setAwdlSuspendedMode() Suspending AWDL, enterQuietMode(true)
May  8 07:38:50 v594 kernel[0]: en0: channel changed to 1
May  8 07:38:50 v594.local sharingd[323]: 07:38:50.883 : SDStatusMonitor::kStatusWirelessPowerChanged
May  8 07:38:50 v594 kernel[0]: en0: channel changed to 1
May  8 07:38:50 v594.local sharingd[323]: 07:38:50.906 : SDStatusMonitor::kStatusWirelessPowerChanged
May  8 07:38:51 v594 com.apple.iCloudHelper[15109]: objc[15109]: Class FALogging is implemented in both /System/Library/PrivateFrameworks/FamilyCircle.framework/Versions/A/FamilyCircle and /System/Library/PrivateFrameworks/FamilyNotification.framework/Versions/A/FamilyNotification. One of the two will be used. Which one is undefined.
May  8 07:38:51 v594.local discoveryd[3816]: Basic Bonjour,Warn Warning: IPv6 listener multicast send failed en0, 49
May  8 07:38:51 v594 com.apple.xpc.launchd[1] (com.apple.imfoundation.IMRemoteURLConnectionAgent): The _DirtyJetsamMemoryLimit key is not available on this platform.
May  8 07:38:51 v594.local CalendarAgent[331]: [com.apple.calendar.store.log.caldav.mismatch] [Sync report for calendar home iCloud, failed with error Error Domain=NSURLErrorDomain Code=-1009 "La connexion Internet semble interrompue." UserInfo=0x7fd68d2350d0 {NSUnderlyingError=0x7fd688686e80 "La connexion Internet semble interrompue.", NSErrorFailingURLStringKey=https://theropedancer%40gmail.com@p05-caldav.icloud.com/23225681/calendars/, NSErrorFailingURLKey=https://theropedancer%40gmail.com@p05-caldav.icloud.com/23225681/calendars/, _kCFStreamErrorDomainKey=12, _kCFStreamErrorCodeKey=8, NSLocalizedDescription=La connexion Internet semble interrompue.}]
May  8 07:38:51 v594 kernel[0]: USBMSC Identifier (non-unique): 000000000820 0x5ac 0x8406 0x820, 3
May  8 07:38:51 v594.local identityservicesd[332]: <IMMacNotificationCenterManager: 0x7ffebbb0ebd0>: notification observer: com.apple.iChat   notification: __CFNotification 0x7ffeb9e7c090 {name = _NSDoNotDisturbDisabledNotification}
May  8 07:38:51 v594.local imagent[352]: <IMMacNotificationCenterManager: 0x7fcb63b0ff00>: notification observer: com.apple.FaceTime   notification: __CFNotification 0x7fcb63a0ebe0 {name = _NSDoNotDisturbDisabledNotification}
May  8 07:38:51 v594.local identityservicesd[332]: <IMMacNotificationCenterManager: 0x7ffebbb0ebd0>:    NC Disabled: NO
May  8 07:38:51 v594.local imagent[352]: <IMMacNotificationCenterManager: 0x7fcb63b0ff00>:    NC Disabled: NO
May  8 07:38:51 v594.local identityservicesd[332]: <IMMacNotificationCenterManager: 0x7ffebbb0ebd0>:   DND Enabled: NO
May  8 07:38:51 v594.local identityservicesd[332]: <IMMacNotificationCenterManager: 0x7ffeb9c10e90>: notification observer: com.apple.iChat   notification: __CFNotification 0x7ffeb9e7c090 {name = _NSDoNotDisturbDisabledNotification}
May  8 07:38:51 v594.local identityservicesd[332]: <IMMacNotificationCenterManager: 0x7ffeb9c10e90>:    NC Disabled: NO
May  8 07:38:51 v594.local identityservicesd[332]: <IMMacNotificationCenterManager: 0x7ffeb9c10e90>:   DND Enabled: NO
May  8 07:38:51 v594.local discoveryd[3816]: Basic Bonjour,Warn Warning: IPv6 listener multicast send failed en0, 49
May  8 07:38:51 v594.local CalendarAgent[331]: [com.apple.calendar.store.log.caldav.queue] [Adding [<CalDAVAccountRefreshQueueableOperation: 0x7fd68d64d240; Sequence: 0>] to failed operations.]
May  8 07:38:51 v594.local CalendarAgent[331]: [com.apple.calendar.store.log.caldav.queue] [Account refresh failed with error: Error Domain=NSURLErrorDomain Code=-1009 "La connexion Internet semble interrompue." UserInfo=0x7fd68d647e30 {AccountName=Google, CalDAVErrFromRefresh=YES, NSUnderlyingError=0x7fd688b428d0 "La connexion Internet semble interrompue.", NSErrorFailingURLKey=https://jsimon%40viadeoteam.com@calendar.google.com/calendar/dav/jsimon%40viadeoteam.com/user/, NSLocalizedDescription=La connexion Internet semble interrompue., _kCFStreamErrorDomainKey=12, NSErrorFailingURLStringKey=https://jsimon%40viadeoteam.com@calendar.google.com/calendar/dav/jsimon%40viadeoteam.com/user/, _kCFStreamErrorCodeKey=8}]
May  8 07:38:51 v594.local CalendarAgent[331]: [com.apple.calendar.store.log.caldav.queue] [Adding [<CalDAVAccountRefreshQueueableOperation: 0x7fd68871b470; Sequence: 0>] to failed operations.]
May  8 07:38:51 v594.local CalendarAgent[331]: [com.apple.calendar.store.log.caldav.queue] [Account refresh failed with error: Error Domain=NSURLErrorDomain Code=-1009 "La connexion Internet semble interrompue." UserInfo=0x7fd6884e2070 {AccountName=iCloud, CalDAVErrFromRefresh=YES, NSUnderlyingError=0x7fd688b6e4a0 "La connexion Internet semble interrompue.", NSErrorFailingURLKey=https://theropedancer%40gmail.com@p05-caldav.icloud.com/23225681/principal/, NSLocalizedDescription=La connexion Internet semble interrompue., _kCFStreamErrorDomainKey=12, NSErrorFailingURLStringKey=https://theropedancer%40gmail.com@p05-caldav.icloud.com/23225681/principal/, _kCFStreamErrorCodeKey=8}]
May  8 07:38:51 v594 kernel[0]: AppleUSBMultitouchDriver::checkStatus - received Status Packet, Payload 2: device was reinitialized
May  8 07:38:51 v594 kernel[0]: IOBluetoothUSBDFU::probe
May  8 07:38:51 v594 kernel[0]: IOBluetoothUSBDFU::probe ProductID - 0x8289 FirmwareVersion - 0x0099
May  8 07:38:51 v594 kernel[0]: **** [IOBluetoothHostControllerUSBTransport][start] -- completed -- result = TRUE -- 0x4000 ****
May  8 07:38:51 v594 kernel[0]: **** [BroadcomBluetoothHostControllerUSBTransport][start] -- Completed (matched on Device) -- 0x4000 ****
May  8 07:38:51 v594 kernel[0]: [IOBluetoothHCIController][staticBluetoothTransportShowsUp] -- Received Bluetooth Controller register service notification -- 0x4000 
May  8 07:38:51 v594.local sharingd[323]: 07:38:51.717 : SDStatusMonitor::kStatusBluetoothPowerChanged
May  8 07:38:51 --- last message repeated 1 time ---
May  8 07:38:51 v594 kernel[0]: [IOBluetoothHCIController::setConfigState] calling registerService
May  8 07:38:51 v594 kernel[0]: **** [IOBluetoothHCIController][ProcessBluetoothTransportShowsUpActionWL] -- Connected to the transport successfully -- 0xff80 -- 0x4800 -- 0x4000 ****
May  8 07:38:51 v594.local sharingd[323]: 07:38:51.722 : SDStatusMonitor::kStatusBluetoothPowerChanged
May  8 07:38:51 --- last message repeated 1 time ---
May  8 07:38:51 v594 UserEventAgent[16]: assertion failed: 14C109: com.apple.telemetry + 30456 [B033615E-AC6E-3C72-A493-A728F602B10C]: 0x7ff2dac0e770
May  8 07:38:51 v594.local discoveryd[3816]: Basic Warn DD_Warn: Corrupt NSEC RDATA size
May  8 07:38:51 v594.local discoveryd[3816]: Basic Bonjour,Warn Warning: IPv6 listener multicast send failed en0, 49
May  8 07:38:51 --- last message repeated 1 time ---
May  8 07:38:51 v594.local blued[59]: Release the WiFi lock
May  8 07:38:51 v594.local sharingd[323]: 07:38:51.755 : SDStatusMonitor::kStatusBluetoothPowerChanged
May  8 07:38:51 v594.local sharingd[323]: 07:38:51.756 : SDStatusMonitor::kStatusBluetoothPowerChanged
May  8 07:38:52 v594.local discoveryd[3816]: Basic Bonjour,Warn Warning: IPv6 listener multicast send failed en0, 49
May  8 07:38:52 --- last message repeated 3 times ---
May  8 07:38:52 v594.local netbiosd[15107]: Unable to start NetBIOS name service: 
May  8 07:38:52 v594.local discoveryd[3816]: Basic Bonjour,Warn Warning: IPv6 listener multicast send failed en0, 49
May  8 07:38:52 v594.local discoveryd[3816]: Basic Bonjour stop listening on en0
May  8 07:38:53 v594.local dns-updater[22]: CONFIGURATION_CHANGED notification received
May  8 07:38:53 v594.local dns-updater[22]: Configuration switched to opendns
May  8 07:38:54 v594 kernel[0]: ARPT: 125454.116033: MacAuthEvent en0   Auth result for: 64:7c:34:1b:61:1c  MAC AUTH succeeded
May  8 07:38:54 v594 kernel[0]: AirPort: Link Up on en0
May  8 07:38:54 v594 kernel[0]: en0: BSSID changed to 64:7c:34:1b:61:1c
May  8 07:38:54 v594 kernel[0]: en0: channel changed to 11
May  8 07:38:54 v594 kernel[0]: en0::IO80211Interface::postMessage bssid changed
May  8 07:38:54 v594 kernel[0]: en0: 802.11d country code set to 'FR'.
May  8 07:38:54 v594 kernel[0]: en0: Supported channels 1 2 3 4 5 6 7 8 9 10 11 12 13 36 40 44 48 52 56 60 64 100 104 108 112 116 120 124 128 132 136 140 149 153 157 161 165
May  8 07:38:54 v594 kernel[0]: AirPort: RSN handshake complete on en0
May  8 07:38:55 v594 kernel[0]: AppleCamIn::handleWakeEvent_gated
May  8 07:38:55 --- last message repeated 1 time ---
May  8 07:38:55 v594.local dns-updater[22]: CONFIGURATION_CHANGED notification received
May  8 07:38:55 v594.local discoveryd[3816]: Basic DNSResolver UDNSServer:: PowerState is Wakeup
May  8 07:38:55 v594 kernel[0]: AppleCamIn::systemWakeCall - messageType = 0xE0000300
May  8 07:38:55 v594.local coreaudiod[309]: 2015-05-08 07:38:55.777532 AM [AirPlay] Power: SystemHasPoweredOn
May  8 07:38:55 v594.local coreaudiod[309]: 2015-05-08 07:38:55.777853 AM [AirPlay] BTLE client starting to browse for AirPlay Solo Target Presence.
May  8 07:38:55 v594.local watchdogd[394]: [watchdog_daemon] @(         pm_callback) - ref=0x0 msg_type=0xe0000300 msg=0x0
May  8 07:38:55 v594.local wirelessproxd[48]: Failed to start a scan - central is not powered on: 4
May  8 07:38:55 v594.local sharingd[323]: 07:38:55.778 : Starting AirDrop server for user 502 on wake
May  8 07:38:55 v594.local wirelessproxd[48]: AirPlaySolo central manager can't be used to start scanning - not powered on
May  8 07:38:55 v594.local coreaudiod[309]: 2015-05-08 07:38:55.779205 AM [AirPlay] BTLE client stopping to browse for AirPlay Solo Target Presence.
May  8 07:38:55 v594.local coreaudiod[309]: 2015-05-08 07:38:55.779342 AM [AirPlay] BTLE client starting to browse for AirPlay Solo Target Presence.
May  8 07:38:55 v594.local coreaudiod[309]: 2015-05-08 07:38:55.779584 AM [AirPlay] BTLE client stopped to browse for AirPlay Solo Target Presence.
May  8 07:38:55 v594.local coreaudiod[309]: 2015-05-08 07:38:55.779766 AM [AirPlay] BTLE client started to browse for AirPlay Solo Target Presence.
May  8 07:38:55 v594.local dns-updater[22]: Configuration switched to opendns
May  8 07:38:55 v594 kernel[0]: en0: BSSID changed to 64:7c:34:1b:61:1c
May  8 07:38:55 v594 kernel[0]: en0: channel changed to 11
May  8 07:38:55 v594.local sharingd[323]: 07:38:55.808 : SDStatusMonitor::kStatusWirelessPowerChanged
May  8 07:38:55 v594.local airportd[30]: Property list invalid for format: 100 (property lists cannot contain objects of type 'CFType')
May  8 07:38:55 v594.local digest-service[15087]: digest-request: uid=0
May  8 07:38:55 v594.local digest-service[15087]: digest-request: init request
May  8 07:38:55 v594.local digest-service[15087]: digest-request: init return domain: VIADEO server: V594 indomain was: <NULL>
May  8 07:38:55 v594.local digest-service[15087]: digest-request: uid=0
May  8 07:38:55 v594.local digest-service[15087]: digest-request: init request
May  8 07:38:55 v594.local digest-service[15087]: digest-request: init return domain: VIADEO server: V594 indomain was: <NULL>
May  8 07:38:57 v594 kernel[0]: IO80211AWDLPeerManager::setAwdlOperatingMode Setting the AWDL operation mode from SUSPENDED to AUTO
May  8 07:38:57 v594 kernel[0]: IO80211AWDLPeerManager::setAwdlAutoMode Resuming AWDL
May  8 07:38:57 v594.local networkd[251]: +[NETLedBelly stopFastFail] Clearing ledbelly failure cache
May  8 07:38:57 v594.local configd[26]: network changed: DNS* Proxy
May  8 07:38:57 v594.local UserEventAgent[16]: Captive: [CNInfoNetworkActive:1709] en0: SSID 'Bbox-91D7CCE6' making interface primary (cache indicates network not captive)
May  8 07:38:57 v594.local UserEventAgent[16]: Captive: CNPluginHandler en0: Evaluating
May  8 07:38:57 v594.local UserEventAgent[16]: Captive: en0: Not probing 'Bbox-91D7CCE6' (cache indicates not captive)
May  8 07:38:57 v594.local UserEventAgent[16]: Captive: CNPluginHandler en0: Authenticated
May  8 07:38:57 v594.local networkd[251]: +[NETLedBelly stopFastFail] Clearing ledbelly failure cache
May  8 07:38:57 v594.local configd[26]: network changed: v4(en0!:192.168.1.77) DNS+ Proxy+ SMB+
May  8 07:38:57 v594 kernel[0]: en0: BSSID changed to 64:7c:34:1b:61:1c
May  8 07:38:57 v594 kernel[0]: en0: channel changed to 11
May  8 07:38:57 v594.local sharingd[323]: 07:38:57.111 : SDStatusMonitor::kStatusWirelessPowerChanged
May  8 07:38:57 v594 configd[26]: setting hostname to "v594"
May  8 07:38:58 v594 dns-updater[22]: Found BSD interface: [en0]
May  8 07:38:58 --- last message repeated 1 time ---
May  8 07:38:58 v594 dns-updater[22]: CONFIGURATION_CHANGED notification received
May  8 07:38:58 v594 dns-updater[22]: Configuration switched to opendns
May  8 07:38:58 v594 configd[26]: network changed: v4(en0:192.168.1.77) DNS! Proxy SMB
May  8 07:38:58 v594.local configd[26]: setting hostname to "v594.local"
May  8 07:39:01 v594 kernel[0]: vm_compressor_fastwake_warmup completed - took 11804 msecs
May  8 07:39:02 v594.local nsurlstoraged[244]: realpath() returned NULL for /var/root/Library/Caches/ocspd
May  8 07:39:02 v594.local nsurlstoraged[244]: The read-connection to the DB=/var/root/Library/Caches/ocspd/Cache.db is NOT valid.  Unable to determine schema version.
May  8 07:39:02 v594.local nsurlstoraged[244]: realpath() returned NULL for /var/root/Library/Caches/ocspd
May  8 07:39:02 --- last message repeated 1 time ---
May  8 07:39:02 v594.local nsurlstoraged[244]: ERROR: unable to determine file-system usage for FS-backed cache at /var/root/Library/Caches/ocspd/fsCachedData. Errno=13
May  8 07:39:03 v594 com.apple.xpc.launchd[1] (com.apple.imfoundation.IMRemoteURLConnectionAgent): The _DirtyJetsamMemoryLimit key is not available on this platform.
May  8 07:39:03 v594 com.apple.xpc.launchd[1] (com.apple.smb.preferences): Service only ran for 7 seconds. Pushing respawn out by 3 seconds.
May  8 07:39:05 v594.local imagent[352]: <IMMacNotificationCenterManager: 0x7fcb63b0ff00>: notification observer: com.apple.FaceTime   notification: __CFNotification 0x7fcb63816780 {name = _NSDoNotDisturbEnabledNotification}
May  8 07:39:05 v594.local identityservicesd[332]: <IMMacNotificationCenterManager: 0x7ffebbb0ebd0>: notification observer: com.apple.iChat   notification: __CFNotification 0x7ffebbb24cb0 {name = _NSDoNotDisturbEnabledNotification}
May  8 07:39:05 v594.local imagent[352]: <IMMacNotificationCenterManager: 0x7fcb63b0ff00>:    NC Disabled: NO
May  8 07:39:05 v594.local imagent[352]: <IMMacNotificationCenterManager: 0x7fcb63b0ff00>:   DND Enabled: YES
May  8 07:39:05 v594.local identityservicesd[332]: <IMMacNotificationCenterManager: 0x7ffebbb0ebd0>:    NC Disabled: NO
May  8 07:39:05 v594.local imagent[352]: <IMMacNotificationCenterManager: 0x7fcb63b0ff00>: Updating enabled: NO   (Topics: (null))
May  8 07:39:05 v594.local identityservicesd[332]: <IMMacNotificationCenterManager: 0x7ffebbb0ebd0>:   DND Enabled: YES
May  8 07:39:05 v594.local identityservicesd[332]: <IMMacNotificationCenterManager: 0x7ffebbb0ebd0>: Updating enabled: NO   (Topics: (null))
May  8 07:39:05 v594.local identityservicesd[332]: <IMMacNotificationCenterManager: 0x7ffeb9c10e90>: notification observer: com.apple.iChat   notification: __CFNotification 0x7ffeb9e26900 {name = _NSDoNotDisturbEnabledNotification}
May  8 07:39:05 v594.local identityservicesd[332]: <IMMacNotificationCenterManager: 0x7ffeb9c10e90>:    NC Disabled: NO
May  8 07:39:05 v594.local identityservicesd[332]: <IMMacNotificationCenterManager: 0x7ffeb9c10e90>:   DND Enabled: YES
May  8 07:39:05 v594.local identityservicesd[332]: <IMMacNotificationCenterManager: 0x7ffeb9c10e90>: Updating enabled: NO   (Topics: (null))
May  8 07:39:06 v594.local digest-service[15087]: digest-request: uid=0
May  8 07:39:06 v594.local digest-service[15087]: digest-request: init request
May  8 07:39:06 v594.local digest-service[15087]: digest-request: init return domain: VIADEO server: V594 indomain was: <NULL>
May  8 07:39:06 v594.local digest-service[15087]: digest-request: uid=0
May  8 07:39:06 v594.local digest-service[15087]: digest-request: init request
May  8 07:39:06 v594.local digest-service[15087]: digest-request: init return domain: VIADEO server: V594 indomain was: <NULL>
May  8 07:39:07 v594.local coreaudiod[309]: 2015-05-08 07:39:07.185832 AM [AirPlay] Power: SystemWillSleep
May  8 07:39:07 v594.local blued[59]: Release the WiFi lock
May  8 07:39:07 v594.local coreaudiod[309]: 2015-05-08 07:39:07.185997 AM [AirPlay] BTLE client stopping to browse for AirPlay Solo Target Presence.
May  8 07:39:07 v594.local watchdogd[394]: [watchdog_daemon] @(         pm_callback) - ref=0x0 msg_type=0xe0000280 msg=0x2f30023
May  8 07:39:07 v594.local watchdogd[394]: [watchdog_daemon] @(    wd_daemon_thread) - events buffer: 59737r334711 60195s334711 60271r341423 61152s341423 61154r346423 62342s346423 62343r351328 64994s351328 65066r361694 77373s361694 77578r467337 88973s467337 88994r561427 94677s561427 94729r609206 94748s609206 94849r612280 98341s612280 98365r644871 107589s644871 107612r707788 109112s707788 109136r715763 113444s715763 113467r744027 120519s744027 120543r800475 121795s800475 121818r813149 125376s813149 125455r836817 125466s836817 
May  8 07:39:07 v594.local coreaudiod[309]: 2015-05-08 07:39:07.186296 AM [AirPlay] BTLE discovery removing all devices
May  8 07:39:07 v594.local coreaudiod[309]: 2015-05-08 07:39:07.187238 AM [AirPlay] BTLE client stopped to browse for AirPlay Solo Target Presence.
May  8 07:39:07 v594.local wirelessproxd[48]: Failed to stop a scan - central is not powered on: 4
May  8 07:39:07 v594 kernel[0]: AppleCamIn::systemWakeCall - messageType = 0xE0000340
May  8 07:39:08 --- last message repeated 1 time ---
May  8 07:39:08 v594.local WindowServer[107]: device_generate_desktop_screenshot: authw 0x7fede1d6bb70(2004), shield 0x7fede1f89e90(2001)
May  8 07:39:08 v594.local WindowServer[107]: device_generate_lock_screen_screenshot: authw 0x7fede1d6bb70(2004)[0, 0, 1440, 900] shield 0x7fede1f89e90(2001), dev [1440,900]
May  8 07:39:25 v594 kernel[0]: PM response took 3151 ms (27, powerd)
May  8 07:39:25 v594 kernel[0]: AppleCamIn::systemWakeCall - messageType = 0xE0000280
May  8 07:39:25 v594 kernel[0]: [0x133c806000, 0x40000000]
May  8 07:39:25 v594 kernel[0]: [0x0, 0x0]
May  8 07:39:25 v594 kernel[0]: ARPT: 125484.908098: AirPort_Brcm43xx::powerChange: System Sleep 
May  8 07:39:25 v594 kernel[0]: AppleCamIn::systemWakeCall - messageType = 0xE0000340
May  8 07:39:25 v594 kernel[0]: IO80211AWDLPeerManager::doDisable   source [handleSIOCSIFFLAGS]
May  8 07:39:25 v594 kernel[0]: en0: BSSID changed to 64:7c:34:1b:61:1c
May  8 07:39:25 v594 kernel[0]: en0: channel changed to 11
May  8 07:39:25 v594 kernel[0]: AirPort: Link Down on awdl0. Reason 1 (Unspecified).
May  8 07:39:25 v594 kernel[0]: IO80211AWDLPeerManager::doDisable   source [setLinkState]
May  8 07:39:25 v594 kernel[0]: AppleThunderboltNHIType2::prePCIWake - power up complete - took 1 us
May  8 07:39:25 v594 kernel[0]: AppleThunderboltGenericHAL::earlyWake - complete - took 0 milliseconds
May  8 07:39:25 v594.local sharingd[323]: 07:39:25.839 : SDStatusMonitor::kStatusWirelessPowerChanged
May  8 07:39:25 v594 kernel[0]: ARPT: 125485.404716: wl0: leaveModulePoweredForOffloads: Wi-Fi will turn off.
May  8 07:39:25 v594 kernel[0]: AirPort: Link Down on en0. Reason 8 (Disassociated because station leaving).
May  8 07:39:25 v594 kernel[0]: en0::IO80211Interface::postMessage bssid changed
May  8 07:39:25 v594 kernel[0]: en0: 802.11d country code set to 'X3'.
May  8 07:39:25 v594 kernel[0]: en0: Supported channels 1 2 3 4 5 6 7 8 9 10 11 12 13 36 40 44 48 52 56 60 64 100 104 108 112 116 120 124 128 132 136 140 149 153 157 161
May  8 07:39:25 v594.local airportd[30]: _handleLinkEvent: WiFi is not powered. Resetting state variables.
May  8 07:39:25 v594 kernel[0]: IOThunderboltSwitch<0xffffff803e8f8e00>(0x0)::listenerCallback - Thunderbolt HPD packet for route = 0x0 port = 11 unplug = 0
May  8 07:39:25 v594 kernel[0]: IOThunderboltSwitch<0xffffff803e8f8e00>(0x0)::listenerCallback - Thunderbolt HPD packet for route = 0x0 port = 12 unplug = 0
May  8 07:39:26 v594.local discoveryd[3816]: Basic Bonjour,Warn Warning: IPv4 listener multicast send failed en0, 50
May  8 07:39:26 v594.local discoveryd[3816]: Basic Bonjour,Warn Warning: IPv6 listener multicast send failed en0, 50
May  8 07:39:27 v594 kernel[0]: AppleCamIn::systemWakeCall - messageType = 0xE0000340
May  8 07:39:27 v594 kernel[0]: AppleThunderboltNHIType2::waitForOk2Go2Sx - retries = 6
May  8 07:44:12 v594 kernel[0]: Wake reason: EC.LidOpen (User)
May  8 07:44:12 v594 kernel[0]: AppleCamIn::systemWakeCall - messageType = 0xE0000320
May  8 07:44:12 v594 kernel[0]: AppleCamIn::systemWakeCall - messageType = 0xE0000340
May  8 07:44:12 v594 kernel[0]: AppleCamIn::wakeEventHandlerThread
May  8 07:44:12 v594 kernel[0]: Previous sleep cause: 5
May  8 07:44:12 v594.local watchdogd[394]: [watchdog_daemon] @(         pm_callback) - ref=0x0 msg_type=0xe0000320 msg=0x0
May  8 07:44:12 v594 kernel[0]: AppleThunderboltNHIType2::prePCIWake - power up complete - took 1 us
May  8 07:44:12 v594 kernel[0]: The USB device Card Reader (Port 4 of Hub at 0x15000000) may have caused a wake by being disconnected
May  8 07:44:12 v594 kernel[0]: AppleThunderboltGenericHAL::earlyWake - complete - took 1 milliseconds
May  8 07:44:12 v594.local discoveryd[3816]: Basic DNSResolver UDNS Send(): UDP Sendto() failed to DNSNameServer 208.67.220.220 Port 53 errno 50, fd 38, ErrLogCount 1 ResolverIntf:4
May  8 07:44:12 v594.local discoveryd[3816]: Basic DNSResolver UDNS Send(): UDP Sendto() failed to DNSNameServer 208.67.220.220 Port 53 errno 50, fd 38, ErrLogCount 2 ResolverIntf:4
May  8 07:44:12 v594.local discoveryd[3816]: Basic DNSResolver UDNS Send(): UDP Sendto() failed to DNSNameServer 208.67.220.220 Port 53 errno 50, fd 38, ErrLogCount 3 ResolverIntf:4
May  8 07:44:12 v594.local discoveryd[3816]: Basic DNSResolver UDNS Send(): UDP Sendto() failed to DNSNameServer 208.67.220.220 Port 53 errno 50, fd 38, ErrLogCount 4 ResolverIntf:4
May  8 07:44:12 v594.local discoveryd[3816]: Basic DNSResolver UDNS Send(): UDP Sendto() failed to DNSNameServer 208.67.220.220 Port 53 errno 50, fd 38, ErrLogCount 5 ResolverIntf:4
May  8 07:44:12 v594.local discoveryd[3816]: Basic DNSResolver UDNS Send(): UDP Sendto() failed to DNSNameServer 208.67.220.220 Port 53 errno 50, fd 38, ErrLogCount 6 ResolverIntf:4
May  8 07:44:12 v594 kernel[0]: TBT W (2): 0x0040 [x]
May  8 07:44:12 v594.local discoveryd[3816]: Basic DNSResolver UDNS Send(): UDP Sendto() failed to DNSNameServer 208.67.220.220 Port 53 errno 50, fd 38, ErrLogCount 7 ResolverIntf:4
May  8 07:44:12 v594.local discoveryd[3816]: Basic DNSResolver UDNSServer:: PowerState is Wakeup
May  8 07:44:12 v594 kernel[0]: IOThunderboltSwitch<0xffffff803e8f8e00>(0x0)::listenerCallback - Thunderbolt HPD packet for route = 0x0 port = 11 unplug = 0
May  8 07:44:12 v594 kernel[0]: IOThunderboltSwitch<0xffffff803e8f8e00>(0x0)::listenerCallback - Thunderbolt HPD packet for route = 0x0 port = 12 unplug = 0
May  8 07:44:12 v594 kernel[0]: en0: channel changed to 1
May  8 07:44:12 v594.local sharingd[323]: 07:44:12.204 : SDStatusMonitor::kStatusWirelessPowerChanged
May  8 07:44:12 v594 kernel[0]: en0: channel changed to 1
May  8 07:44:12 v594.local airportd[30]: Property list invalid for format: 100 (property lists cannot contain objects of type 'CFType')
May  8 07:44:12 v594 kernel[0]: IO80211AWDLPeerManager::setAwdlOperatingMode Setting the AWDL operation mode from AUTO to SUSPENDED
May  8 07:44:12 v594 kernel[0]: IO80211AWDLPeerManager::setAwdlSuspendedMode() Suspending AWDL, enterQuietMode(true)
May  8 07:44:12 v594 kernel[0]: AirPort: Link Up on awdl0
May  8 07:44:12 v594.local sharingd[323]: 07:44:12.218 : SDStatusMonitor::kStatusWirelessPowerChanged
May  8 07:44:12 v594 kernel[0]: AppleUSBMultitouchDriver::checkStatus - received Status Packet, Payload 2: device was reinitialized
May  8 07:44:12 v594.local hidd[71]: MultitouchHID: device bootloaded
May  8 07:44:12 v594.local loginwindow[67]: ERROR | -[LWBuiltInScreenLockAuthLion askForPasswordBuiltIn:] | Attempted to add an observer when already observing
May  8 07:44:12 v594.local WindowServer[107]: CGXDisplayDidWakeNotification [125487505153977]: posting kCGSDisplayDidWake
May  8 07:44:12 v594.local WindowServer[107]: handle_will_sleep_auth_and_shield_windows: Reordering authw 0x7fede1d6bb70(2004) (lock state: 3)
May  8 07:44:12 v594.local WindowServer[107]: handle_will_sleep_auth_and_shield_windows: err 0x0
May  8 07:44:12 v594 kernel[0]: en0: 802.11d country code set to 'FR'.
May  8 07:44:12 v594 kernel[0]: en0: Supported channels 1 2 3 4 5 6 7 8 9 10 11 12 13 36 40 44 48 52 56 60 64 100 104 108 112 116 120 124 128 132 136 140 149 153 157 161 165
May  8 07:44:12 v594 kernel[0]: ARPT: 125487.598895: AirPort_Brcm43xx::powerChange: System Wake - Full Wake/ Dark Wake / Maintenance wake
May  8 07:44:12 v594 kernel[0]: AppleCamIn::systemWakeCall - messageType = 0xE0000340
May  8 07:44:12 v594 kernel[0]: AppleCamIn::wakeEventHandlerThread
May  8 07:44:12 v594.local discoveryd[3816]: Basic DNSResolver UDNSServer:: PowerState is Wakeup
May  8 07:44:12 v594 kernel[0]: AppleCamIn::systemWakeCall - messageType = 0xE0000300
May  8 07:44:12 v594.local blued[59]: Acquiring the wifi lock
May  8 07:44:12 v594.local watchdogd[394]: [watchdog_daemon] @(         pm_callback) - ref=0x0 msg_type=0xe0000300 msg=0x0
May  8 07:44:12 v594.local sharingd[323]: 07:44:12.533 : Starting AirDrop server for user 502 on wake
May  8 07:44:12 v594.local coreaudiod[309]: 2015-05-08 07:44:12.533275 AM [AirPlay] Power: SystemHasPoweredOn
May  8 07:44:12 v594.local coreaudiod[309]: 2015-05-08 07:44:12.534352 AM [AirPlay] BTLE client starting to browse for AirPlay Solo Target Presence.
May  8 07:44:12 v594.local wirelessproxd[48]: Failed to start a scan - central is not powered on: 4
May  8 07:44:12 v594.local wirelessproxd[48]: AirPlaySolo central manager can't be used to start scanning - not powered on
May  8 07:44:12 v594.local coreaudiod[309]: 2015-05-08 07:44:12.536036 AM [AirPlay] BTLE client stopping to browse for AirPlay Solo Target Presence.
May  8 07:44:12 v594.local coreaudiod[309]: 2015-05-08 07:44:12.536195 AM [AirPlay] BTLE client starting to browse for AirPlay Solo Target Presence.
May  8 07:44:12 v594.local UserEventAgent[16]: Captive: CNPluginHandler en0: Inactive
May  8 07:44:12 v594.local coreaudiod[309]: 2015-05-08 07:44:12.537223 AM [AirPlay] BTLE client stopped to browse for AirPlay Solo Target Presence.
May  8 07:44:12 v594.local coreaudiod[309]: 2015-05-08 07:44:12.537395 AM [AirPlay] BTLE client started to browse for AirPlay Solo Target Presence.
May  8 07:44:12 v594.local configd[26]: network changed: v4(en0-:192.168.1.77) DNS- Proxy- SMB-
May  8 07:44:12 v594.local networkd[251]: +[NETLedBelly stopFastFail] Clearing ledbelly failure cache
May  8 07:44:12 v594.local discoveryd[3816]: Basic WABServer NetResolverEvent no resolvers, resetting domains
May  8 07:44:12 v594 kernel[0]: en0: channel changed to 1
May  8 07:44:12 v594.local sharingd[323]: 07:44:12.567 : SDStatusMonitor::kStatusWirelessPowerChanged
May  8 07:44:12 v594.local airportd[30]: Property list invalid for format: 100 (property lists cannot contain objects of type 'CFType')
May  8 07:44:12 v594 kernel[0]: en0: channel changed to 1
May  8 07:44:12 v594.local sharingd[323]: 07:44:12.601 : SDStatusMonitor::kStatusWirelessPowerChanged
May  8 07:44:12 v594.local identityservicesd[332]: <IMMacNotificationCenterManager: 0x7ffebbb0ebd0>: notification observer: com.apple.iChat   notification: __CFNotification 0x7ffebbb24cb0 {name = _NSDoNotDisturbDisabledNotification}
May  8 07:44:12 v594.local imagent[352]: <IMMacNotificationCenterManager: 0x7fcb63b0ff00>: notification observer: com.apple.FaceTime   notification: __CFNotification 0x7fcb61d25dc0 {name = _NSDoNotDisturbDisabledNotification}
May  8 07:44:12 v594 kernel[0]: en0: channel changed to 1
May  8 07:44:12 v594.local identityservicesd[332]: <IMMacNotificationCenterManager: 0x7ffebbb0ebd0>:    NC Disabled: NO
May  8 07:44:12 v594.local imagent[352]: <IMMacNotificationCenterManager: 0x7fcb63b0ff00>:    NC Disabled: NO
May  8 07:44:12 v594.local sharingd[323]: 07:44:12.617 : SDStatusMonitor::kStatusWirelessPowerChanged
May  8 07:44:12 v594.local identityservicesd[332]: <IMMacNotificationCenterManager: 0x7ffebbb0ebd0>:   DND Enabled: NO
May  8 07:44:12 v594.local imagent[352]: <IMMacNotificationCenterManager: 0x7fcb63b0ff00>:   DND Enabled: NO
May  8 07:44:12 v594.local imagent[352]: <IMMacNotificationCenterManager: 0x7fcb63b0ff00>: Updating enabled: YES   (Topics: (
May  8 07:44:12 v594.local identityservicesd[332]: <IMMacNotificationCenterManager: 0x7ffebbb0ebd0>: Updating enabled: YES   (Topics: (
May  8 07:44:12 v594.local identityservicesd[332]: <IMMacNotificationCenterManager: 0x7ffeb9c10e90>:    NC Disabled: NO
May  8 07:44:12 v594.local identityservicesd[332]: <IMMacNotificationCenterManager: 0x7ffeb9c10e90>:   DND Enabled: NO
May  8 07:44:12 v594.local identityservicesd[332]: <IMMacNotificationCenterManager: 0x7ffeb9c10e90>: Updating enabled: YES   (Topics: (
May  8 07:44:12 v594.local discoveryd[3816]: Basic Bonjour,Warn Failed to enable multicast listener sending for V4 socket en0, 49
May  8 07:44:12 v594.local discoveryd[3816]: Basic Bonjour,Warn Warning: IPv4 listener multicast send failed en0, 49
May  8 07:44:12 v594.local discoveryd[3816]: Basic Bonjour,Warn Warning: IPv6 listener multicast send failed en0, 49
May  8 07:44:12 v594.local discoveryd[3816]: Basic Bonjour,Warn Failed to enable multicast listener sending for V4 socket en0, 49
May  8 07:44:12 v594.local discoveryd[3816]: Basic Bonjour,Warn Warning: IPv4 listener multicast send failed en0, 49
May  8 07:44:12 v594.local discoveryd[3816]: Basic Bonjour,Warn Warning: IPv6 listener multicast send failed en0, 49
May  8 07:44:13 v594.local discoveryd[3816]: Basic Bonjour,Warn Failed to enable multicast listener sending for V4 socket en0, 49
May  8 07:44:13 v594.local discoveryd[3816]: Basic Bonjour,Warn Warning: IPv4 listener multicast send failed en0, 49
May  8 07:44:13 v594.local discoveryd[3816]: Basic Bonjour,Warn Warning: IPv6 listener multicast send failed en0, 49
May  8 07:44:13 v594.local blued[59]: Acquired the wifi lock
May  8 07:44:13 v594.local blued[59]: Release the WiFi lock
May  8 07:44:13 v594.local discoveryd[3816]: Basic Bonjour stop listening on en0
May  8 07:44:13 v594.local dns-updater[22]: CONFIGURATION_CHANGED notification received
May  8 07:44:13 v594.local dns-updater[22]: Configuration switched to opendns
May  8 07:44:15 v594 kernel[0]: ARPT: 125490.495544: MacAuthEvent en0   Auth result for: 64:7c:34:1b:61:1c  MAC AUTH succeeded
May  8 07:44:15 v594 kernel[0]: AirPort: Link Up on en0
May  8 07:44:15 v594 kernel[0]: en0: BSSID changed to 64:7c:34:1b:61:1c
May  8 07:44:15 v594 kernel[0]: en0: channel changed to 11
May  8 07:44:15 v594 kernel[0]: en0::IO80211Interface::postMessage bssid changed
May  8 07:44:16 v594.local dns-updater[22]: CONFIGURATION_CHANGED notification received
May  8 07:44:16 v594.local dns-updater[22]: Configuration switched to opendns
May  8 07:44:16 v594 kernel[0]: AirPort: RSN handshake complete on en0
May  8 07:44:16 v594.local networkd[251]: +[NETLedBelly stopFastFail] Clearing ledbelly failure cache
May  8 07:44:16 v594.local UserEventAgent[16]: Captive: [CNInfoNetworkActive:1709] en0: SSID 'Bbox-91D7CCE6' making interface primary (cache indicates network not captive)
May  8 07:44:16 v594.local configd[26]: network changed: DNS* Proxy
May  8 07:44:16 v594.local UserEventAgent[16]: Captive: CNPluginHandler en0: Evaluating
May  8 07:44:16 v594.local UserEventAgent[16]: Captive: en0: Not probing 'Bbox-91D7CCE6' (cache indicates not captive)
May  8 07:44:16 v594.local UserEventAgent[16]: Captive: CNPluginHandler en0: Authenticated
May  8 07:44:16 v594.local networkd[251]: +[NETLedBelly stopFastFail] Clearing ledbelly failure cache
May  8 07:44:16 v594.local configd[26]: network changed: v4(en0!:192.168.1.77) DNS+ Proxy+ SMB+
May  8 07:44:16 v594 kernel[0]: en0: BSSID changed to 64:7c:34:1b:61:1c
May  8 07:44:16 v594 kernel[0]: en0: channel changed to 11
May  8 07:44:16 v594.local sharingd[323]: 07:44:16.604 : SDStatusMonitor::kStatusWirelessPowerChanged
May  8 07:44:16 v594 kernel[0]: IO80211AWDLPeerManager::setAwdlOperatingMode Setting the AWDL operation mode from SUSPENDED to AUTO
May  8 07:44:16 v594 kernel[0]: IO80211AWDLPeerManager::setAwdlAutoMode Resuming AWDL
May  8 07:44:16 v594 configd[26]: setting hostname to "v594"
May  8 07:44:16 v594 netbiosd[15107]: findReachableAddress: Using port 139 family = 33
May  8 07:44:17 v594 kernel[0]: AppleCamIn::handleWakeEvent_gated
May  8 07:44:17 v594 discoveryd[3816]: None ClientIPC DNSServiceRemoveRecord: registrationId is 0 Client[netbiosd(15107)]
May  8 07:44:17 --- last message repeated 1 time ---
May  8 07:44:17 v594 kernel[0]: AppleCamIn::handleWakeEvent_gated
May  8 07:44:18 v594 dns-updater[22]: Found BSD interface: [en0]
May  8 07:44:18 --- last message repeated 1 time ---
May  8 07:44:18 v594 dns-updater[22]: CONFIGURATION_CHANGED notification received
May  8 07:44:18 v594 dns-updater[22]: Configuration switched to opendns
May  8 07:44:18 v594 configd[26]: network changed: v4(en0:192.168.1.77) DNS! Proxy SMB
May  8 07:44:18 v594.local configd[26]: setting hostname to "v594.local"
May  8 07:44:19 v594.local apsd[51]: Illegal subject name missing 'courier.push.apple.com' (2.5.4.3): ({
May  8 07:44:36 v594.local CalendarAgent[331]: [com.apple.calendar.store.log.caldav.coredav] [Refusing to parse response to PROPPATCH because of content-type: [text/html; charset=UTF-8].]
May  8 07:45:06 --- last message repeated 1 time ---
May  8 07:46:21 v594.local netbiosd[15107]: findReachableAddress: Using port 139 family = 33
May  8 07:53:01 v594.local identityservicesd[332]: [Warning] ====== IDS Traffic Usage:
May  8 07:53:01 v594.local identityservicesd[332]: [Warning]    Service: com.apple.private.alloy.icloudpairing
May  8 07:53:01 v594.local identityservicesd[332]: [Warning]      incoming-messages: 1
May  8 07:53:01 v594.local identityservicesd[332]: [Warning] 
May  8 07:53:01 v594.local identityservicesd[332]: [Warning] ====== Done
May  8 07:53:08 v594.local authexec[15147]: executing /Applications/OCSNG.app/Contents/Resources/ocscontact
May  8 07:53:08 v594.local ocscontact[15147]: Running ocscontact
May  8 07:56:45 v594.local apsd[51]: Failed entitlement check 'com.apple.private.aps-connection-initiate' for ManagedClientAgent[15154]
May  8 07:56:45 v594.local apsd[51]: Peer connection [pid=15154] lacks APSConnectionInitiateEntitlement
May  8 07:56:49 v594.local ManagedClientAgent[15154]: No Device Enrollment record info was found
May  8 08:00:04 v594.local CalendarAgent[331]: [com.apple.calendar.store.log.caldav.coredav] [Refusing to parse response to PROPPATCH because of content-type: [text/html; charset=UTF-8].]
May  8 08:00:34 --- last message repeated 1 time ---
May  8 08:09:55 v594 com.apple.iCloudHelper[15174]: objc[15174]: Class FALogging is implemented in both /System/Library/PrivateFrameworks/FamilyCircle.framework/Versions/A/FamilyCircle and /System/Library/PrivateFrameworks/FamilyNotification.framework/Versions/A/FamilyNotification. One of the two will be used. Which one is undefined.
May  8 08:09:55 v594 com.apple.xpc.launchd[1] (com.apple.imfoundation.IMRemoteURLConnectionAgent): The _DirtyJetsamMemoryLimit key is not available on this platform.
May  8 08:10:28 --- last message repeated 1 time ---
May  8 08:12:02 v594 com.apple.xpc.launchd[1] (com.apple.bsd.dirhelper[15177]): Endpoint has been activated through legacy launch(3) APIs. Please switch to XPC or bootstrap_check_in(): com.apple.bsd.dirhelper
May  8 08:12:11 v594.local spindump[15205]: Saved diag report for powerstats version com.apple.SystemStats.Daily to /Library/Logs/DiagnosticReports/powerstats_2015-05-08-081211_v594.diag
May  8 08:12:11 v594.local spindump[15205]: Removing excessive log: file:///Library/Logs/DiagnosticReports/powerstats_2015-05-04-085550_v594.diag
May  8 08:12:11 v594.local spindump[15206]: Saved diag report for powerstats version com.apple.SystemStats.TopBatteryPowerEvent to /Library/Logs/DiagnosticReports/powerstats_2015-05-08-081211-1_v594.diag
May  8 08:12:11 v594.local spindump[15206]: Removing excessive log: file:///Library/Logs/DiagnosticReports/powerstats_2015-05-04-085551_v594.diag
May  8 08:12:12 v594.local spindump[15207]: Saved diag report for powerstats version com.apple.SystemStats.TopBatteryPowerEvent to /Library/Logs/DiagnosticReports/powerstats_2015-05-08-081212_v594.diag
May  8 08:12:12 v594.local spindump[15207]: Removing excessive log: file:///Library/Logs/DiagnosticReports/powerstats_2015-05-04-085552_v594.diag
May  8 08:12:13 v594.local spindump[15208]: Saved diag report for powerstats version com.apple.SystemStats.TopBatteryPowerEvent to /Library/Logs/DiagnosticReports/powerstats_2015-05-08-081213_v594.diag
May  8 08:12:13 v594.local spindump[15208]: Removing excessive log: file:///Library/Logs/DiagnosticReports/powerstats_2015-05-04-085553-1_v594.diag
May  8 08:12:14 v594.local spindump[15209]: Saved diag report for powerstats version com.apple.SystemStats.TopThermalEvent to /Library/Logs/DiagnosticReports/powerstats_2015-05-08-081214_v594.diag
May  8 08:12:14 v594.local spindump[15209]: Removing excessive log: file:///Library/Logs/DiagnosticReports/powerstats_2015-05-04-085553_v594.diag
May  8 08:13:13 v594 com.apple.xpc.launchd[1] (com.google.keystone.daemon[15211]): Endpoint has been activated through legacy launch(3) APIs. Please switch to XPC or bootstrap_check_in(): com.google.Keystone.Daemon.Administration
May  8 08:13:13 v594 com.apple.xpc.launchd[1] (com.google.keystone.daemon[15211]): Endpoint has been activated through legacy launch(3) APIs. Please switch to XPC or bootstrap_check_in(): com.google.Keystone.Daemon.UpdateEngine
May  8 08:13:13 v594.local GoogleSoftwareUpdateDaemon[15211]: -[KeystoneDaemon logServiceState] GoogleSoftwareUpdate daemon (1.2.0.7709) vending:
May  8 08:13:13 v594.local GoogleSoftwareUpdateDaemon[15211]: -[KSUpdateEngine updateProductID:] KSUpdateEngine updating product ID: "com.google.Keystone"
May  8 08:13:13 v594.local GoogleSoftwareUpdateDaemon[15211]: -[KSCheckAction performAction] KSCheckAction checking 1 ticket(s).
May  8 08:13:13 v594.local GoogleSoftwareUpdateDaemon[15211]: -[KSUpdateCheckAction performAction] KSUpdateCheckAction starting update check for ticket(s): {(
May  8 08:13:13 v594.local GoogleSoftwareUpdateDaemon[15211]: -[KSUpdateCheckAction performAction] KSUpdateCheckAction running KSServerUpdateRequest: <KSOmahaServerUpdateRequest:0x21b090
May  8 08:13:13 v594.local ksfetch[15212]: Failed to obtain sandbox extension for path=/var/empty/Library/Caches/ksfetch. Errno:2
May  8 08:13:14 v594.local GoogleSoftwareUpdateDaemon[15211]: -[KSUpdateCheckAction(PrivateMethods) finishAction] KSUpdateCheckAction found updates: {( )}
May  8 08:13:14 v594.local GoogleSoftwareUpdateDaemon[15211]: -[KSPrefetchAction performAction] KSPrefetchAction no updates to prefetch.
May  8 08:13:14 v594.local GoogleSoftwareUpdateDaemon[15211]: -[KSMultiUpdateAction performAction] KSSilentUpdateAction had no updates to apply.
May  8 08:13:14 v594.local GoogleSoftwareUpdateDaemon[15211]: -[KSMultiUpdateAction performAction] KSPromptAction had no updates to apply.
May  8 08:13:14 v594.local GoogleSoftwareUpdateDaemon[15211]: -[KSUpdateEngine(PrivateMethods) updateFinish] KSUpdateEngine update processing complete.
May  8 08:13:14 v594.local GoogleSoftwareUpdateDaemon[15211]: -[KSUpdateEngine updateAllProducts] KSUpdateEngine updating all installed products.
May  8 08:13:14 v594.local GoogleSoftwareUpdateDaemon[15211]: -[KSCheckAction performAction] KSCheckAction checking 2 ticket(s).
May  8 08:13:14 v594.local GoogleSoftwareUpdateDaemon[15211]: -[KSUpdateCheckAction performAction] KSUpdateCheckAction starting update check for ticket(s): {(
May  8 08:13:14 v594.local GoogleSoftwareUpdateDaemon[15211]: -[KSUpdateCheckAction performAction] KSUpdateCheckAction running KSServerUpdateRequest: <KSOmahaServerUpdateRequest:0x4143e0
May  8 08:13:14 v594.local ksfetch[15213]: Failed to obtain sandbox extension for path=/var/empty/Library/Caches/ksfetch. Errno:2
May  8 08:13:15 v594.local GoogleSoftwareUpdateDaemon[15211]: -[KSUpdateCheckAction(KSServerUpdateRequestDelegate) serverRequest:fetchedWithResponse:] KSUpdateCheckAction received KSServerUpdateResponse: <KSOmahaServerUpdateResponse:0x21d1d0
May  8 08:13:15 v594.local GoogleSoftwareUpdateDaemon[15211]: -[KSUpdateCheckAction(PrivateMethods) finishAction] KSUpdateCheckAction found updates: {( )}
May  8 08:13:15 v594.local GoogleSoftwareUpdateDaemon[15211]: -[KSPrefetchAction performAction] KSPrefetchAction no updates to prefetch.
May  8 08:13:15 v594.local GoogleSoftwareUpdateDaemon[15211]: -[KSMultiUpdateAction performAction] KSSilentUpdateAction had no updates to apply.
May  8 08:13:15 v594.local GoogleSoftwareUpdateDaemon[15211]: -[KSMultiUpdateAction performAction] KSPromptAction had no updates to apply.
May  8 08:13:15 v594.local GoogleSoftwareUpdateDaemon[15211]: -[KSUpdateEngine(PrivateMethods) updateFinish] KSUpdateEngine update processing complete.
May  8 08:13:17 v594 kernel[0]: hfs: summary table not allowed on FS with block size of 2048
May  8 08:13:17 v594 kernel[0]: hfs: could not initialize summary table for Install Google Drive
May  8 08:13:17 v594 kernel[0]: hfs: mounted Install Google Drive on device disk2s2
May  8 08:13:21 v594.local universalAccessAuthWarn[522]: AccessibilityAPI: pid 15210, is not allowed to access the accessibility API. Path: /Library/Google/GoogleSoftwareUpdate/GoogleSoftwareUpdate.bundle/Contents/Resources/GoogleSoftwareUpdateAgent.app/Contents/MacOS/GoogleSoftwareUpdateAgent (Leaf request from pid 15233 Path: /System/Library/CoreServices/System Events.app/Contents/MacOS/System Events)
May  8 08:13:21 v594.local Google Drive[15261]: PyObjCPointer created: at 0xa077a108 of type {__CFBoolean=}
May  8 08:13:21 v594.local Google Drive[15261]: PyObjCPointer created: at 0xa077a100 of type {__CFBoolean=}
May  8 08:13:21 v594.local Google Drive[15261]: PyObjCPointer created: at 0xa077a110 of type {__CFNumber=}
May  8 08:13:21 v594.local Google Drive[15261]: PyObjCPointer created: at 0xa077a120 of type {__CFNumber=}
May  8 08:13:21 v594.local Google Drive[15261]: PyObjCPointer created: at 0xa077a130 of type {__CFNumber=}
May  8 08:13:23 v594.local Google Drive[15261]: GsyncAppDeletegate.py : Finder debug level logs : False
May  8 08:13:23 v594.local Google Drive[15261]: WARNING: The Gestalt selector gestaltSystemVersion is returning 10.9.2 instead of 10.10.2. Use NSProcessInfo's operatingSystemVersion property to get correct system version number.
May  8 08:13:23 v594.local Google Drive[15261]: 0   CarbonCore                          0x93ce07c7 ___Gestalt_SystemVersion_block_invoke + 135
May  8 08:13:23 v594.local Google Drive[15261]: 1   libdispatch.dylib                   0x9bceb130 _dispatch_client_callout + 50
May  8 08:13:23 v594.local Google Drive[15261]: 2   libdispatch.dylib                   0x9bceb0b5 dispatch_once_f + 251
May  8 08:13:23 v594.local Google Drive[15261]: 3   libdispatch.dylib                   0x9bcec0d8 dispatch_once + 31
May  8 08:13:23 v594.local Google Drive[15261]: 4   CarbonCore                          0x93c72e88 _Gestalt_SystemVersion + 1050
May  8 08:13:23 v594.local Google Drive[15261]: 5   CarbonCore                          0x93c72a39 Gestalt + 150
May  8 08:13:23 v594.local Google Drive[15261]: 6   libwx_osx_cocoau-2.9.3.0.0.dylib    0x0664c6fd _Z19UMAGetSystemVersionv + 45
May  8 08:13:23 v594 kernel[0]: hfs: unmount initiated on Install Google Drive on device disk2s2
May  8 08:13:24 v594.local GoogleSoftwareUpdateDaemon[15211]: -[KeystoneDaemon logServiceState] GoogleSoftwareUpdate daemon (1.2.0.7709) vending:
May  8 08:13:43 v594.local GoogleSoftwareUpdateDaemon[15211]: -[KeystoneDaemon main] GoogleSoftwareUpdateDaemon inactive, shutdown.
May  8 08:18:22 v594.local CalendarAgent[331]: [com.apple.calendar.store.log.caldav.coredav] [Refusing to parse response to PROPPATCH because of content-type: [text/html; charset=UTF-8].]
May  8 08:18:52 --- last message repeated 1 time ---
May  8 08:23:23 v594.local discoveryd[3816]: Basic DNSResolver  Error 9 on socket - this might be a closed socket
May  8 08:23:23 v594.local discoveryd[3816]: Basic DNSResolver  Error 9 on socket - this might be a closed socket
May  8 08:23:53 --- last message repeated 1 time ---
May  8 08:26:49 v594.local apsd[51]: Failed entitlement check 'com.apple.private.aps-connection-initiate' for ManagedClientAgent[15294]
May  8 08:26:49 v594.local apsd[51]: Peer connection [pid=15294] lacks APSConnectionInitiateEntitlement
May  8 08:26:52 v594.local ManagedClientAgent[15294]: No Device Enrollment record info was found
May  8 08:35:38 v594.local coreaudiod[309]: 2015-05-08 08:35:38.147370 AM [AirPlay] Power: SystemWillSleep
May  8 08:35:38 v594.local blued[59]: Release the WiFi lock
May  8 08:35:38 v594.local coreaudiod[309]: 2015-05-08 08:35:38.147473 AM [AirPlay] BTLE client stopping to browse for AirPlay Solo Target Presence.
May  8 08:35:38 v594.local watchdogd[394]: [watchdog_daemon] @(         pm_callback) - ref=0x0 msg_type=0xe0000280 msg=0x3040023
May  8 08:35:38 v594.local watchdogd[394]: [watchdog_daemon] @(    wd_daemon_thread) - events buffer: 60271r341423 61152s341423 61154r346423 62342s346423 62343r351328 64994s351328 65066r361694 77373s361694 77578r467337 88973s467337 88994r561427 94677s561427 94729r609206 94748s609206 94849r612280 98341s612280 98365r644871 107589s644871 107612r707788 109112s707788 109136r715763 113444s715763 113467r744027 120519s744027 120543r800475 121795s800475 121818r813149 125376s813149 125455r836817 125466s836817 125487r837652 128573s837652 
May  8 08:35:38 v594.local coreaudiod[309]: 2015-05-08 08:35:38.147605 AM [AirPlay] BTLE discovery removing all devices
May  8 08:35:38 v594.local coreaudiod[309]: 2015-05-08 08:35:38.148471 AM [AirPlay] BTLE client stopped to browse for AirPlay Solo Target Presence.
May  8 08:35:38 v594.local wirelessproxd[48]: Failed to stop a scan - central is not powered on: 4
May  8 08:35:38 v594 kernel[0]: AppleCamIn::systemWakeCall - messageType = 0xE0000340
May  8 08:35:38 v594.local identityservicesd[332]: <IMMacNotificationCenterManager: 0x7ffebbb0ebd0>: notification observer: com.apple.iChat   notification: __CFNotification 0x7ffeb9d11ce0 {name = _NSDoNotDisturbEnabledNotification}
May  8 08:35:38 v594.local imagent[352]: <IMMacNotificationCenterManager: 0x7fcb63b0ff00>: notification observer: com.apple.FaceTime   notification: __CFNotification 0x7fcb61e0b2d0 {name = _NSDoNotDisturbEnabledNotification}
May  8 08:35:38 v594.local identityservicesd[332]: <IMMacNotificationCenterManager: 0x7ffebbb0ebd0>:    NC Disabled: NO
May  8 08:35:38 v594.local imagent[352]: <IMMacNotificationCenterManager: 0x7fcb63b0ff00>:    NC Disabled: NO
May  8 08:35:38 v594.local imagent[352]: <IMMacNotificationCenterManager: 0x7fcb63b0ff00>:   DND Enabled: YES
May  8 08:35:38 v594.local identityservicesd[332]: <IMMacNotificationCenterManager: 0x7ffebbb0ebd0>:   DND Enabled: YES
May  8 08:35:38 v594.local imagent[352]: <IMMacNotificationCenterManager: 0x7fcb63b0ff00>: Updating enabled: NO   (Topics: (null))
May  8 08:35:38 v594.local identityservicesd[332]: <IMMacNotificationCenterManager: 0x7ffebbb0ebd0>: Updating enabled: NO   (Topics: (null))
May  8 08:35:38 v594.local identityservicesd[332]: <IMMacNotificationCenterManager: 0x7ffeb9c10e90>: notification observer: com.apple.iChat   notification: __CFNotification 0x7ffebb869bd0 {name = _NSDoNotDisturbEnabledNotification}
May  8 08:35:38 v594.local identityservicesd[332]: <IMMacNotificationCenterManager: 0x7ffeb9c10e90>:    NC Disabled: NO
May  8 08:35:38 v594.local identityservicesd[332]: <IMMacNotificationCenterManager: 0x7ffeb9c10e90>:   DND Enabled: YES
May  8 08:35:38 v594.local identityservicesd[332]: <IMMacNotificationCenterManager: 0x7ffeb9c10e90>: Updating enabled: NO   (Topics: (null))
May  8 08:35:39 v594 kernel[0]: AppleCamIn::systemWakeCall - messageType = 0xE0000340
May  8 08:35:39 v594.local WindowServer[107]: device_generate_desktop_screenshot: authw 0x7fede862e2e0(2000), shield 0x7fede1f87510(2001)
May  8 08:35:39 v594.local WindowServer[107]: device_generate_lock_screen_screenshot: authw 0x7fede862e2e0(2000)[0, 0, 1440, 900] shield 0x7fede1f87510(2001), dev [1440,900]
May  8 08:35:56 v594 kernel[0]: PM response took 3147 ms (27, powerd)
May  8 08:35:56 v594 kernel[0]: AppleCamIn::systemWakeCall - messageType = 0xE0000280
May  8 08:35:56 v594 kernel[0]: [0x133c806000, 0x40000000]
May  8 08:35:56 v594 kernel[0]: [0x0, 0x0]
May  8 08:35:56 v594 kernel[0]: ARPT: 128591.530566: AirPort_Brcm43xx::powerChange: System Sleep 
May  8 08:35:56 v594 kernel[0]: AppleCamIn::systemWakeCall - messageType = 0xE0000340
May  8 08:35:56 v594 kernel[0]: IO80211AWDLPeerManager::doDisable   source [handleSIOCSIFFLAGS]
May  8 08:35:56 v594 kernel[0]: en0: BSSID changed to 64:7c:34:1b:61:1c
May  8 08:35:56 v594 kernel[0]: en0: channel changed to 11
May  8 08:35:56 v594 kernel[0]: AirPort: Link Down on awdl0. Reason 1 (Unspecified).
May  8 08:35:56 v594 kernel[0]: IO80211AWDLPeerManager::doDisable   source [setLinkState]
May  8 08:35:56 v594 kernel[0]: ARPT: 128592.107484: wl0: leaveModulePoweredForOffloads: Wi-Fi will turn off.
May  8 08:35:56 v594 kernel[0]: AppleThunderboltNHIType2::prePCIWake - power up complete - took 6 us
May  8 08:35:56 v594.local sharingd[323]: 08:35:56.877 : SDStatusMonitor::kStatusWirelessPowerChanged
May  8 08:35:56 v594 kernel[0]: AppleThunderboltGenericHAL::earlyWake - complete - took 0 milliseconds
May  8 08:35:56 v594 kernel[0]: AirPort: Link Down on en0. Reason 8 (Disassociated because station leaving).
May  8 08:35:56 v594 kernel[0]: en0::IO80211Interface::postMessage bssid changed
May  8 08:35:56 v594 kernel[0]: en0: 802.11d country code set to 'X3'.
May  8 08:35:56 v594 kernel[0]: en0: Supported channels 1 2 3 4 5 6 7 8 9 10 11 12 13 36 40 44 48 52 56 60 64 100 104 108 112 116 120 124 128 132 136 140 149 153 157 161
May  8 08:35:56 v594.local airportd[30]: _handleLinkEvent: WiFi is not powered. Resetting state variables.
May  8 08:35:56 v594.local discoveryd[3816]: Basic DNSResolver UDNS Send(): UDP Sendto() failed to DNSNameServer 208.67.220.220 Port 53 errno 50, fd 44, ErrLogCount 1 ResolverIntf:4
May  8 08:35:56 v594.local discoveryd[3816]: Basic DNSResolver UDNS Send(): UDP Sendto() failed to DNSNameServer 208.67.220.220 Port 53 errno 50, fd 44, ErrLogCount 2 ResolverIntf:4
May  8 08:35:56 v594.local discoveryd[3816]: Basic DNSResolver UDNS Send(): UDP Sendto() failed to DNSNameServer 208.67.220.220 Port 53 errno 50, fd 44, ErrLogCount 3 ResolverIntf:4
May  8 08:35:56 v594.local discoveryd[3816]: Basic DNSResolver UDNS Send(): UDP Sendto() failed to DNSNameServer 208.67.220.220 Port 53 errno 50, fd 44, ErrLogCount 4 ResolverIntf:4
May  8 08:35:56 v594.local discoveryd[3816]: Basic DNSResolver UDNS Send(): UDP Sendto() failed to DNSNameServer 208.67.220.220 Port 53 errno 50, fd 44, ErrLogCount 5 ResolverIntf:4
May  8 08:35:56 v594 kernel[0]: IOThunderboltSwitch<0xffffff803e8f8e00>(0x0)::listenerCallback - Thunderbolt HPD packet for route = 0x0 port = 11 unplug = 0
May  8 08:35:57 v594.local discoveryd[3816]: Basic Bonjour,Warn Warning: IPv4 listener multicast send failed en0, 50
May  8 08:35:57 v594.local discoveryd[3816]: Basic Bonjour,Warn Warning: IPv6 listener multicast send failed en0, 50
May  8 08:35:58 v594.local discoveryd[3816]: Basic DNSResolver UDNS Send(): UDP Sendto() failed to DNSNameServer 208.67.220.220 Port 53 errno 50, fd 44, ErrLogCount 6 ResolverIntf:4
May  8 08:35:58 v594.local discoveryd[3816]: Basic DNSResolver UDNS Send(): UDP Sendto() failed to DNSNameServer 208.67.220.220 Port 53 errno 50, fd 44, ErrLogCount 7 ResolverIntf:4
May  8 08:35:58 v594.local discoveryd[3816]: Basic DNSResolver UDNS Send(): UDP Sendto() failed to DNSNameServer 208.67.220.220 Port 53 errno 50, fd 44, ErrLogCount 8 ResolverIntf:4
May  8 08:35:58 v594.local discoveryd[3816]: Basic DNSResolver UDNS Send(): UDP Sendto() failed to DNSNameServer 208.67.220.220 Port 53 errno 50, fd 44, ErrLogCount 9 ResolverIntf:4
May  8 08:35:58 v594.local discoveryd[3816]: Basic DNSResolver UDNS Send(): UDP Sendto() failed to DNSNameServer 208.67.220.220 Port 53 errno 50, fd 44, ErrLogCount 10 ResolverIntf:4
May  8 08:35:58 v594 kernel[0]: AppleCamIn::systemWakeCall - messageType = 0xE0000340
May  8 08:35:58 v594 kernel[0]: AppleThunderboltNHIType2::waitForOk2Go2Sx - retries = 8
May  8 08:35:58 v594 kernel[0]: Wake reason: EC.ACAttach (Maintenance)
May  8 09:14:03 v594 kernel[0]: AppleCamIn::systemWakeCall - messageType = 0xE0000340
May  8 09:14:03 v594 kernel[0]: AppleCamIn::wakeEventHandlerThread
May  8 09:14:03 v594 kernel[0]: RTC: PowerByCalendarDate setting ignored
May  8 09:14:03 v594 kernel[0]: Previous sleep cause: 5
May  8 09:14:03 v594 kernel[0]: AppleThunderboltNHIType2::prePCIWake - power up complete - took 1 us
May  8 09:14:03 v594.local discoveryd[3816]: Basic DNSResolver UDNS Send(): UDP Sendto() failed to DNSNameServer 208.67.220.220 Port 53 errno 50, fd 45, ErrLogCount 11 ResolverIntf:4
May  8 09:14:03 v594 kernel[0]: AppleThunderboltGenericHAL::earlyWake - complete - took 1 milliseconds
May  8 09:14:03 v594.local discoveryd[3816]: Basic DNSResolver UDNS Send(): UDP Sendto() failed to DNSNameServer 208.67.220.220 Port 53 errno 50, fd 45, ErrLogCount 12 ResolverIntf:4
May  8 09:14:03 v594.local discoveryd[3816]: Basic DNSResolver UDNS Send(): UDP Sendto() failed to DNSNameServer 208.67.220.220 Port 53 errno 50, fd 51, ErrLogCount 13 ResolverIntf:4
May  8 09:14:03 v594.local discoveryd[3816]: Basic DNSResolver UDNS Send(): UDP Sendto() failed to DNSNameServer 208.67.220.220 Port 53 errno 50, fd 51, ErrLogCount 14 ResolverIntf:4
May  8 09:14:03 v594.local airportd[30]: Property list invalid for format: 100 (property lists cannot contain objects of type 'CFType')
May  8 09:14:03 v594 kernel[0]: TBT W (2): 0x0040 [x]
May  8 09:14:03 v594 kernel[0]: IOThunderboltSwitch<0xffffff803e8f8e00>(0x0)::listenerCallback - Thunderbolt HPD packet for route = 0x0 port = 11 unplug = 0
May  8 09:14:03 v594 kernel[0]: IOThunderboltSwitch<0xffffff803e8f8e00>(0x0)::listenerCallback - Thunderbolt HPD packet for route = 0x0 port = 12 unplug = 0
May  8 09:14:03 v594.local loginwindow[67]: magsafeStateChanged state changed old 2 new 1
May  8 09:14:03 v594 kernel[0]: en0: channel changed to 1
May  8 09:14:03 v594.local sharingd[323]: 09:14:03.204 : SDStatusMonitor::kStatusWirelessPowerChanged
May  8 09:14:03 v594 kernel[0]: AirPort: Link Up on awdl0
May  8 09:14:03 v594 kernel[0]: IO80211AWDLPeerManager::setAwdlOperatingMode Setting the AWDL operation mode from AUTO to SUSPENDED
May  8 09:14:03 v594 kernel[0]: IO80211AWDLPeerManager::setAwdlSuspendedMode() Suspending AWDL, enterQuietMode(true)
May  8 09:14:03 v594 kernel[0]: AppleUSBMultitouchDriver::checkStatus - received Status Packet, Payload 2: device was reinitialized
May  8 09:14:03 v594.local hidd[71]: MultitouchHID: device bootloaded
May  8 09:14:03 v594 kernel[0]: en0: 802.11d country code set to 'FR'.
May  8 09:14:03 v594 kernel[0]: en0: Supported channels 1 2 3 4 5 6 7 8 9 10 11 12 13 36 40 44 48 52 56 60 64 100 104 108 112 116 120 124 128 132 136 140 149 153 157 161 165
May  8 09:14:03 v594 kernel[0]: ARPT: 128594.476602: AirPort_Brcm43xx::powerChange: System Wake - Full Wake/ Dark Wake / Maintenance wake
May  8 09:14:03 v594 kernel[0]: AppleCamIn::systemWakeCall - messageType = 0xE0000340
May  8 09:14:03 v594 kernel[0]: AppleCamIn::wakeEventHandlerThread
May  8 09:14:03 v594.local airportd[30]: Property list invalid for format: 100 (property lists cannot contain objects of type 'CFType')
May  8 09:14:03 v594.local networkd[251]: +[NETLedBelly stopFastFail] Clearing ledbelly failure cache
May  8 09:14:03 v594.local UserEventAgent[16]: Captive: CNPluginHandler en0: Inactive
May  8 09:14:03 v594.local configd[26]: network changed: v4(en0-:192.168.1.77) DNS- Proxy- SMB-
May  8 09:14:03 v594.local discoveryd[3816]: Basic WABServer NetResolverEvent no resolvers, resetting domains
May  8 09:14:03 v594.local discoveryd[3816]: Basic Bonjour stop listening on en0
May  8 09:14:03 v594 kernel[0]: en0: channel changed to 1
May  8 09:14:03 v594.local sharingd[323]: 09:14:03.618 : SDStatusMonitor::kStatusWirelessPowerChanged
May  8 09:14:03 v594 kernel[0]: en0: channel changed to 1
May  8 09:14:03 v594.local sharingd[323]: 09:14:03.649 : SDStatusMonitor::kStatusWirelessPowerChanged
May  8 09:14:05 v594.local dns-updater[22]: CONFIGURATION_CHANGED notification received
May  8 09:14:05 v594.local dns-updater[22]: Configuration switched to opendns
May  8 09:14:06 v594 kernel[0]: ARPT: 128597.242400: MacAuthEvent en0   Auth result for: 64:7c:34:1b:61:1c  MAC AUTH succeeded
May  8 09:14:06 v594 kernel[0]: AirPort: Link Up on en0
May  8 09:14:06 v594 kernel[0]: en0: BSSID changed to 64:7c:34:1b:61:1c
May  8 09:14:06 v594 kernel[0]: en0: channel changed to 11
May  8 09:14:06 v594 kernel[0]: en0::IO80211Interface::postMessage bssid changed
May  8 09:14:06 v594.local netbiosd[15107]: network_reachability_changed : network is not reachable, netbiosd is shutting down
May  8 09:14:07 v594 kernel[0]: AirPort: RSN handshake complete on en0
May  8 09:14:07 v594 kernel[0]: IO80211AWDLPeerManager::setAwdlOperatingMode Setting the AWDL operation mode from SUSPENDED to AUTO
May  8 09:14:07 v594 kernel[0]: IO80211AWDLPeerManager::setAwdlAutoMode Resuming AWDL
May  8 09:14:07 v594.local networkd[251]: +[NETLedBelly stopFastFail] Clearing ledbelly failure cache
May  8 09:14:07 v594.local UserEventAgent[16]: Captive: [CNInfoNetworkActive:1709] en0: SSID 'Bbox-91D7CCE6' making interface primary (cache indicates network not captive)
May  8 09:14:07 v594.local configd[26]: network changed: DNS* Proxy
May  8 09:14:07 v594.local UserEventAgent[16]: Captive: CNPluginHandler en0: Evaluating
May  8 09:14:07 v594.local UserEventAgent[16]: Captive: en0: Not probing 'Bbox-91D7CCE6' (cache indicates not captive)
May  8 09:14:07 v594.local UserEventAgent[16]: Captive: CNPluginHandler en0: Authenticated
May  8 09:14:07 v594.local networkd[251]: +[NETLedBelly stopFastFail] Clearing ledbelly failure cache
May  8 09:14:07 v594.local configd[26]: network changed: v4(en0!:192.168.1.77) DNS+ Proxy+ SMB+
May  8 09:14:07 v594 kernel[0]: en0: BSSID changed to 64:7c:34:1b:61:1c
May  8 09:14:07 v594 kernel[0]: en0: channel changed to 11
May  8 09:14:07 v594.local sharingd[323]: 09:14:07.577 : SDStatusMonitor::kStatusWirelessPowerChanged
May  8 09:14:08 v594 kernel[0]: AppleCamIn::handleWakeEvent_gated
May  8 09:14:08 v594.local dns-updater[22]: Found BSD interface: [en0]
May  8 09:14:08 --- last message repeated 1 time ---
May  8 09:14:08 v594.local dns-updater[22]: CONFIGURATION_CHANGED notification received
May  8 09:14:08 v594.local dns-updater[22]: Configuration switched to opendns
May  8 09:14:08 v594.local configd[26]: network changed: v4(en0:192.168.1.77) DNS! Proxy SMB
May  8 09:14:08 v594.local discoveryd[3816]: Basic DNSResolver  Re-Binding to random udp port 54791
May  8 09:14:08 v594 kernel[0]: AppleCamIn::handleWakeEvent_gated
May  8 09:14:08 v594.local ntpd[248]: wake time set -0.193850 s
May  8 09:14:09 v594.local configd[26]: network changed: v4(en0:192.168.1.77) DNS! Proxy SMB
May  8 09:14:10 v594.local dns-updater[22]: Found BSD interface: [en0]
May  8 09:14:10 --- last message repeated 1 time ---
May  8 09:14:10 v594.local dns-updater[22]: CONFIGURATION_CHANGED notification received
May  8 09:14:10 v594.local dns-updater[22]: Configuration switched to opendns
May  8 09:14:10 v594.local configd[26]: network changed: v4(en0:192.168.1.77) DNS! Proxy SMB
May  8 09:14:11 v594.local discoveryd[3816]: None ClientIPC DNSServiceRemoveRecord: registrationId is 0 Client[netbiosd(15107)]
May  8 09:14:38 --- last message repeated 5 times ---
May  8 09:14:38 v594.local configd[26]: [0x7fd9d8c025b0] [m]DNS query timeout (query time = 25.894194), [46TE]
May  8 09:14:49 v594.local loginwindow[67]: CoreAnimation: warning, deleted thread with uncommitted CATransaction; set CA_DEBUG_TRANSACTIONS=1 in environment to log backtraces.
May  8 09:14:49 v594.local configd[26]: [0x7fd9d8b45190] [m]DNS query timeout (query time = 35.098606), [46TE]
May  8 09:15:08 v594 kernel[0]: ARPT: 128659.920286: wl0: TCPKEEP: locate_keepalive_data_new_uc: No IPV4 addrs, keepalive not started.
May  8 09:15:08 v594 kernel[0]: ARPT: 128659.920296: wl0: MDNS: IPV4 Addr: 192.168.1.77
May  8 09:15:08 v594 kernel[0]: ARPT: 128659.920299: wl0: MDNS: IPV6 Addr: fe80:0:0:0:6e40:8ff:fea1:5ba
May  8 09:15:08 v594 kernel[0]: ARPT: 128659.920302: wl0: MDNS: 0 SRV Recs, 1 TXT Recs
May  8 09:15:10 v594 kernel[0]: PM response took 1994 ms (27, powerd)
May  8 09:15:10 v594 kernel[0]: ARPT: 128661.914292: AirPort_Brcm43xx::powerChange: System Sleep 
May  8 09:15:10 v594 kernel[0]: AppleCamIn::systemWakeCall - messageType = 0xE0000340
May  8 09:15:11 v594 kernel[0]: IO80211AWDLPeerManager::doDisable   source [handleSIOCSIFFLAGS]
May  8 09:15:11 v594 kernel[0]: AirPort: Link Down on awdl0. Reason 1 (Unspecified).
May  8 09:15:11 v594 kernel[0]: IO80211AWDLPeerManager::doDisable   source [setLinkState]
May  8 09:15:11 v594 kernel[0]: ARPT: 128662.406261: wl0: leaveModulePoweredForOffloads: Wi-Fi will stay on.
May  8 09:15:11 v594 kernel[0]: AppleThunderboltNHIType2::prePCIWake - power up complete - took 2 us
May  8 09:15:11 v594 kernel[0]: AppleThunderboltGenericHAL::earlyWake - complete - took 0 milliseconds
May  8 09:15:11 v594.local discoveryd[3816]: Basic DNSResolver UDNS Send(): UDP Sendto() failed to DNSNameServer 208.67.220.220 Port 53 errno 50, fd 44, ErrLogCount 1 ResolverIntf:4
May  8 09:15:11 v594.local discoveryd[3816]: Basic DNSResolver UDNS Send(): UDP Sendto() failed to DNSNameServer 208.67.220.220 Port 53 errno 50, fd 44, ErrLogCount 2 ResolverIntf:4
May  8 09:15:11 v594 kernel[0]: IOThunderboltSwitch<0xffffff803e8f8e00>(0x0)::listenerCallback - Thunderbolt HPD packet for route = 0x0 port = 11 unplug = 0
May  8 09:15:12 v594.local discoveryd[3816]: Basic DNSResolver UDNS Send(): UDP Sendto() failed to DNSNameServer 208.67.220.220 Port 53 errno 50, fd 44, ErrLogCount 3 ResolverIntf:4
May  8 09:15:12 v594.local discoveryd[3816]: Basic DNSResolver UDNS Send(): UDP Sendto() failed to DNSNameServer 208.67.220.220 Port 53 errno 50, fd 44, ErrLogCount 4 ResolverIntf:4
May  8 09:15:12 v594 kernel[0]: AppleCamIn::systemWakeCall - messageType = 0xE0000340
May  8 09:15:12 v594 kernel[0]: AppleThunderboltNHIType2::waitForOk2Go2Sx - retries = 6
May  8 09:50:16 v594 kernel[0]: Wake reason: EC.LidOpen (User)
May  8 09:50:16 v594 kernel[0]: AppleCamIn::systemWakeCall - messageType = 0xE0000320
May  8 09:50:16 v594 kernel[0]: AppleCamIn::systemWakeCall - messageType = 0xE0000340
May  8 09:50:16 v594 kernel[0]: AppleCamIn::wakeEventHandlerThread
May  8 09:50:16 v594.local watchdogd[394]: [watchdog_daemon] @(         pm_callback) - ref=0x0 msg_type=0xe0000320 msg=0x0
May  8 09:50:16 v594 kernel[0]: Previous sleep cause: 5
May  8 09:50:16 v594.local discoveryd[3816]: Basic DNSResolver UDNS Send(): UDP Sendto() failed to DNSNameServer 208.67.220.220 Port 53 errno 50, fd 45, ErrLogCount 5 ResolverIntf:4
May  8 09:50:16 v594 kernel[0]: AppleThunderboltNHIType2::prePCIWake - power up complete - took 1 us
May  8 09:50:16 v594.local discoveryd[3816]: Basic DNSResolver UDNSServer:: PowerState is Wakeup
May  8 09:50:16 v594 kernel[0]: The USB device Card Reader (Port 4 of Hub at 0x15000000) may have caused a wake by being disconnected
May  8 09:50:16 v594 kernel[0]: AppleThunderboltGenericHAL::earlyWake - complete - took 1 milliseconds
May  8 09:50:16 v594 kernel[0]: IOThunderboltSwitch<0xffffff803e8f8e00>(0x0)::listenerCallback - Thunderbolt HPD packet for route = 0x0 port = 11 unplug = 0
May  8 09:50:16 v594 kernel[0]: TBT W (2): 0x0040 [x]
May  8 09:50:16 v594 kernel[0]: IOThunderboltSwitch<0xffffff803e8f8e00>(0x0)::listenerCallback - Thunderbolt HPD packet for route = 0x0 port = 12 unplug = 0
May  8 09:50:16 v594.local CalendarAgent[331]: tcp_connection_destination_prepare_complete 378 connectx to 173.194.45.67:443@0 failed: Network is down
May  8 09:50:16 v594.local CalendarAgent[331]: tcp_connection_destination_prepare_complete 378 connectx to 173.194.45.70:443@0 failed: Network is down
May  8 09:50:16 v594.local CalendarAgent[331]: tcp_connection_destination_prepare_complete 378 connectx to 173.194.45.73:443@0 failed: Network is down
May  8 09:50:16 v594.local CalendarAgent[331]: tcp_connection_destination_prepare_complete 378 connectx to 173.194.45.72:443@0 failed: Network is down
May  8 09:50:16 v594.local CalendarAgent[331]: tcp_connection_destination_prepare_complete 378 connectx to 173.194.45.66:443@0 failed: Network is down
May  8 09:50:16 v594.local CalendarAgent[331]: tcp_connection_destination_prepare_complete 378 connectx to 173.194.45.64:443@0 failed: Network is down
May  8 09:50:16 v594.local CalendarAgent[331]: tcp_connection_destination_prepare_complete 379 connectx to 173.194.45.67:443@0 failed: Network is down
May  8 09:50:16 v594.local CalendarAgent[331]: tcp_connection_destination_prepare_complete 379 connectx to 173.194.45.70:443@0 failed: Network is down
May  8 09:50:16 v594.local CalendarAgent[331]: tcp_connection_destination_prepare_complete 379 connectx to 173.194.45.73:443@0 failed: Network is down
May  8 09:50:16 v594.local CalendarAgent[331]: tcp_connection_destination_prepare_complete 379 connectx to 173.194.45.72:443@0 failed: Network is down
May  8 09:50:16 v594.local CalendarAgent[331]: tcp_connection_destination_prepare_complete 379 connectx to 173.194.45.66:443@0 failed: Network is down
May  8 09:50:16 v594.local CalendarAgent[331]: tcp_connection_destination_prepare_complete 379 connectx to 173.194.45.64:443@0 failed: Network is down
May  8 09:50:16 v594.local CalendarAgent[331]: tcp_connection_destination_prepare_complete 380 connectx to 173.194.45.67:443@0 failed: Network is down
May  8 09:50:16 v594.local CalendarAgent[331]: tcp_connection_destination_prepare_complete 380 connectx to 173.194.45.70:443@0 failed: Network is down
May  8 09:50:16 v594.local CalendarAgent[331]: tcp_connection_destination_prepare_complete 380 connectx to 173.194.45.73:443@0 failed: Network is down
May  8 09:50:16 v594.local CalendarAgent[331]: tcp_connection_destination_prepare_complete 380 connectx to 173.194.45.72:443@0 failed: Network is down
May  8 09:50:16 v594.local CalendarAgent[331]: tcp_connection_destination_prepare_complete 380 connectx to 173.194.45.66:443@0 failed: Network is down
May  8 09:50:16 v594.local CalendarAgent[331]: tcp_connection_destination_prepare_complete 380 connectx to 173.194.45.64:443@0 failed: Network is down
May  8 09:50:16 v594.local CalendarAgent[331]: tcp_connection_destination_prepare_complete 381 connectx to 173.194.45.67:443@0 failed: Network is down
May  8 09:50:16 v594.local CalendarAgent[331]: tcp_connection_destination_prepare_complete 381 connectx to 173.194.45.70:443@0 failed: Network is down
May  8 09:50:16 v594.local CalendarAgent[331]: tcp_connection_destination_prepare_complete 381 connectx to 173.194.45.73:443@0 failed: Network is down
May  8 09:50:16 v594.local CalendarAgent[331]: tcp_connection_destination_prepare_complete 381 connectx to 173.194.45.72:443@0 failed: Network is down
May  8 09:50:16 v594.local CalendarAgent[331]: tcp_connection_destination_prepare_complete 381 connectx to 173.194.45.66:443@0 failed: Network is down
May  8 09:50:16 v594.local CalendarAgent[331]: tcp_connection_destination_prepare_complete 381 connectx to 173.194.45.64:443@0 failed: Network is down
May  8 09:50:16 v594.local CalendarAgent[331]: tcp_connection_destination_prepare_complete 382 connectx to 173.194.45.67:443@0 failed: Network is down
May  8 09:50:16 v594.local CalendarAgent[331]: tcp_connection_destination_prepare_complete 382 connectx to 173.194.45.70:443@0 failed: Network is down
May  8 09:50:16 v594.local CalendarAgent[331]: tcp_connection_destination_prepare_complete 382 connectx to 173.194.45.73:443@0 failed: Network is down
May  8 09:50:16 v594.local CalendarAgent[331]: tcp_connection_destination_prepare_complete 382 connectx to 173.194.45.72:443@0 failed: Network is down
May  8 09:50:16 v594.local CalendarAgent[331]: tcp_connection_destination_prepare_complete 382 connectx to 173.194.45.66:443@0 failed: Network is down
May  8 09:50:16 v594.local CalendarAgent[331]: tcp_connection_destination_prepare_complete 382 connectx to 173.194.45.64:443@0 failed: Network is down
May  8 09:50:16 v594.local nbagent[1104]: XPC Activity invoked with state=2
May  8 09:50:16 v594 kernel[0]: en0: BSSID changed to 64:7c:34:1b:61:1c
May  8 09:50:16 v594.local sharingd[323]: 09:50:16.233 : SDStatusMonitor::kStatusWirelessPowerChanged
May  8 09:50:16 v594 kernel[0]: en0: channel changed to 11
May  8 09:50:16 v594 kernel[0]: en0: BSSID changed to 64:7c:34:1b:61:1c
May  8 09:50:16 v594 kernel[0]: en0: channel changed to 11
May  8 09:50:16 v594.local sharingd[323]: 09:50:16.237 : SDStatusMonitor::kStatusWirelessPowerChanged
May  8 09:50:16 v594.local airportd[30]: Property list invalid for format: 100 (property lists cannot contain objects of type 'CFType')
May  8 09:50:16 v594 com.apple.xpc.launchd[1] (com.apple.quicklook[15316]): Endpoint has been activated through legacy launch(3) APIs. Please switch to XPC or bootstrap_check_in(): com.apple.quicklook
May  8 09:50:16 v594 com.apple.xpc.launchd[1] (com.apple.imfoundation.IMRemoteURLConnectionAgent): The _DirtyJetsamMemoryLimit key is not available on this platform.
May  8 09:50:16 v594.local periodic-wrapper[1101]: Running daily periodic task.
May  8 09:50:16 v594.local CalendarAgent[331]: [com.apple.calendar.store.log.caldav.queue] [Account refresh failed with error: Error Domain=NSURLErrorDomain Code=-1009 "La connexion Internet semble interrompue." UserInfo=0x7fd68d59f5c0 {AccountName=Google, CalDAVErrFromRefresh=YES, NSUnderlyingError=0x7fd688a770e0 "La connexion Internet semble interrompue.", NSErrorFailingURLKey=https://jsimon%40viadeoteam.com@calendar.google.com/calendar/dav/jsimon%40viadeoteam.com/user/, NSLocalizedDescription=La connexion Internet semble interrompue., _kCFStreamErrorDomainKey=1, NSErrorFailingURLStringKey=https://jsimon%40viadeoteam.com@calendar.google.com/calendar/dav/jsimon%40viadeoteam.com/user/, _kCFStreamErrorCodeKey=50}]
May  8 09:50:16 v594 com.apple.iCloudHelper[15318]: objc[15318]: Class FALogging is implemented in both /System/Library/PrivateFrameworks/FamilyCircle.framework/Versions/A/FamilyCircle and /System/Library/PrivateFrameworks/FamilyNotification.framework/Versions/A/FamilyNotification. One of the two will be used. Which one is undefined.
May  8 09:50:16 v594 com.apple.xpc.launchd[1] (com.apple.imfoundation.IMRemoteURLConnectionAgent): The _DirtyJetsamMemoryLimit key is not available on this platform.
May  8 09:50:16 v594 kernel[0]: AppleUSBMultitouchDriver::checkStatus - received Status Packet, Payload 2: device was reinitialized
May  8 09:50:16 v594.local hidd[71]: MultitouchHID: device bootloaded
May  8 09:50:16 v594.local WindowServer[107]: CGXDisplayDidWakeNotification [128664456513841]: posting kCGSDisplayDidWake
May  8 09:50:16 v594.local discoveryd[3816]: Basic Bonjour,Warn Warning: IPv6 listener multicast send failed awdl0, 49
May  8 09:50:16 v594.local discoveryd[3816]: Basic Bonjour stop listening on awdl0
May  8 09:50:16 v594.local WindowServer[107]: handle_will_sleep_auth_and_shield_windows: Reordering authw 0x7fede862e2e0(2004) (lock state: 3)
May  8 09:50:16 v594.local WindowServer[107]: handle_will_sleep_auth_and_shield_windows: err 0x0
May  8 09:50:16 v594 kernel[0]: ARPT: 128664.489582: AirPort_Brcm43xx::powerChange: System Wake - Full Wake/ Dark Wake / Maintenance wake
May  8 09:50:16 v594 kernel[0]: AppleCamIn::systemWakeCall - messageType = 0xE0000340
May  8 09:50:16 v594 kernel[0]: AppleCamIn::wakeEventHandlerThread
May  8 09:50:16 v594.local discoveryd[3816]: Basic DNSResolver UDNSServer:: PowerState is Wakeup
May  8 09:50:16 v594 kernel[0]: en0: BSSID changed to 64:7c:34:1b:61:1c
May  8 09:50:16 v594 kernel[0]: en0: channel changed to 11
May  8 09:50:16 v594.local airportd[30]: Property list invalid for format: 100 (property lists cannot contain objects of type 'CFType')
May  8 09:50:16 v594.local sharingd[323]: 09:50:16.545 : SDStatusMonitor::kStatusWirelessPowerChanged
May  8 09:50:16 v594 kernel[0]: AppleCamIn::systemWakeCall - messageType = 0xE0000300
May  8 09:50:16 v594.local watchdogd[394]: [watchdog_daemon] @(         pm_callback) - ref=0x0 msg_type=0xe0000300 msg=0x0
May  8 09:50:16 v594.local coreaudiod[309]: 2015-05-08 09:50:16.548614 AM [AirPlay] Power: SystemHasPoweredOn
May  8 09:50:16 v594.local coreaudiod[309]: 2015-05-08 09:50:16.548875 AM [AirPlay] BTLE client starting to browse for AirPlay Solo Target Presence.
May  8 09:50:16 v594.local sharingd[323]: 09:50:16.548 : Starting AirDrop server for user 502 on wake
May  8 09:50:16 v594.local blued[59]: Acquiring the wifi lock
May  8 09:50:16 v594.local wirelessproxd[48]: Failed to start a scan - central is not powered on: 4
May  8 09:50:16 v594.local wirelessproxd[48]: AirPlaySolo central manager can't be used to start scanning - not powered on
May  8 09:50:16 v594.local coreaudiod[309]: 2015-05-08 09:50:16.551060 AM [AirPlay] BTLE client stopping to browse for AirPlay Solo Target Presence.
May  8 09:50:16 v594.local coreaudiod[309]: 2015-05-08 09:50:16.551182 AM [AirPlay] BTLE client starting to browse for AirPlay Solo Target Presence.
May  8 09:50:16 v594.local coreaudiod[309]: 2015-05-08 09:50:16.552017 AM [AirPlay] BTLE client stopped to browse for AirPlay Solo Target Presence.
May  8 09:50:16 v594.local coreaudiod[309]: 2015-05-08 09:50:16.552209 AM [AirPlay] BTLE client started to browse for AirPlay Solo Target Presence.
May  8 09:50:16 v594.local blued[59]: Acquired the wifi lock
May  8 09:50:16 v594.local blued[59]: Release the WiFi lock
May  8 09:50:16 v594 kernel[0]: en0: BSSID changed to 64:7c:34:1b:61:1c
May  8 09:50:16 v594 kernel[0]: en0: channel changed to 11
May  8 09:50:16 v594.local sharingd[323]: 09:50:16.595 : SDStatusMonitor::kStatusWirelessPowerChanged
May  8 09:50:16 v594 kernel[0]: en0: BSSID changed to 64:7c:34:1b:61:1c
May  8 09:50:16 v594 kernel[0]: en0: channel changed to 11
May  8 09:50:16 v594.local sharingd[323]: 09:50:16.629 : SDStatusMonitor::kStatusWirelessPowerChanged
May  8 09:50:16 v594.local imagent[352]: <IMMacNotificationCenterManager: 0x7fcb63b0ff00>: notification observer: com.apple.FaceTime   notification: __CFNotification 0x7fcb61d30be0 {name = _NSDoNotDisturbDisabledNotification}
May  8 09:50:16 v594.local identityservicesd[332]: <IMMacNotificationCenterManager: 0x7ffebbb0ebd0>: notification observer: com.apple.iChat   notification: __CFNotification 0x7ffeb9c04c10 {name = _NSDoNotDisturbDisabledNotification}
May  8 09:50:16 v594.local identityservicesd[332]: <IMMacNotificationCenterManager: 0x7ffebbb0ebd0>:    NC Disabled: NO
May  8 09:50:16 v594.local imagent[352]: <IMMacNotificationCenterManager: 0x7fcb63b0ff00>:    NC Disabled: NO
May  8 09:50:16 v594.local identityservicesd[332]: <IMMacNotificationCenterManager: 0x7ffebbb0ebd0>:   DND Enabled: NO
May  8 09:50:16 v594.local imagent[352]: <IMMacNotificationCenterManager: 0x7fcb63b0ff00>:   DND Enabled: NO
May  8 09:50:16 v594.local imagent[352]: <IMMacNotificationCenterManager: 0x7fcb63b0ff00>: Updating enabled: YES   (Topics: (
May  8 09:50:18 v594.local revisiond[66]: fcntl("/.DocumentRevisions-V100/PerUID/502/18/com.apple.documentVersions/30BEB7A1-B10C-459D-9824-F535C492A704.pdf", MAKECOMPRESSED, 2) failed; error 16 (Resource busy)
